Executing workflow step 1 of 4: configure preset "ci-StdShar-GNUC"

Preset CMake variables:

  BLOSC2_PACKAGE_NAME:STRING="blosc2"
  BLOSC2_TGZ_NAME:STRING="c-blosc2-2.14.4.tar.gz"
  BLOSC2_ZLIB_PACKAGE_NAME:STRING="zlib"
  BLOSC2_ZLIB_TGZ_NAME:STRING="zlib-1.3.tar.gz"
  BLOSC_PACKAGE_NAME:STRING="blosc"
  BLOSC_TGZ_NAME:STRING="c-blosc-1.21.5.tar.gz"
  BLOSC_ZLIB_PACKAGE_NAME:STRING="zlib"
  BLOSC_ZLIB_TGZ_NAME:STRING="zlib-1.3.tar.gz"
  BSHUF_PACKAGE_NAME:STRING="bshuf"
  BSHUF_TGZ_NAME:STRING="bitshuffle-0.5.1.tar.gz"
  BUILD_BSHUF_LZ4_LIBRARY_SOURCE="ON"
  BUILD_LZ4_LIBRARY_SOURCE="ON"
  BUILD_SHARED_LIBS="ON"
  BZ2_PACKAGE_NAME:STRING="bz2"
  BZ2_TGZ_NAME:STRING="bzip2-bzip2-1.0.8.tar.gz"
  CMAKE_BUILD_TYPE="RelWithDebInfo"
  CMAKE_INSTALL_PREFIX:PATH="/home/byrn/HDF_Projects/install/ci-StdShar-GNUC"
  CMAKE_TOOLCHAIN_FILE="config/toolchain/gcc.cmake"
  FPZIP_PACKAGE_NAME:STRING="fpzip"
  FPZIP_TGZ_NAME:STRING="fpzip-1.3.0.tar.gz"
  H5PL_ALLOW_EXTERNAL_SUPPORT:STRING="TGZ"
  H5PL_BUILD_EXAMPLES="ON"
  H5PL_BUILD_TESTING="ON"
  H5PL_COMP_TGZPATH:STRING="/home/byrn/HDF_Projects/hdf5_plugins/libs"
  H5PL_VERS_MAJOR:STRING="1"
  H5PL_VERS_MINOR:STRING="15"
  H5PL_VERS_RELEASE:STRING="0"
  HDF5_BUILD_CPP_LIB="ON"
  HDF5_NAMESPACE:STRING="hdf5::"
  HDF5_PACKAGE_NAME:STRING="hdf5"
  JPEG_PACKAGE_NAME:STRING="jpeg"
  JPEG_TGZ_NAME:STRING="jpegsrc.v9e.tar.gz"
  LZ4_PACKAGE_NAME:STRING="lz4"
  LZ4_TGZ_NAME:STRING="lz4-1.9.4.tar.gz"
  LZF_PACKAGE_NAME:STRING="lzf"
  LZF_TGZ_NAME:STRING="liblzf-3.6.tar.gz"
  PLUGIN_PACKAGE_NAME:STRING="pl"
  PLUGIN_TGZ_NAME:STRING="hdf5_plugins-master.tar.gz"
  PL_PACKAGE_NAME="pl"
  SZ_PACKAGE_NAME:STRING="SZ"
  SZ_TGZ_NAME:STRING="SZ-2.1.12.5.tar.gz"
  USE_SHARED_LIBS="ON"
  ZFP_PACKAGE_NAME:STRING="zfp"
  ZFP_TGZ_NAME:STRING="zfp-1.0.0.tar.gz"
  ZSTD_PACKAGE_NAME:STRING="zstd"
  ZSTD_TGZ_NAME:STRING="zstd-1.5.5.tar.gz"

-- The C compiler identification is GNU 14.0.1
-- Detecting C compiler ABI info
-- Detecting C compiler ABI info - done
-- Check for working C compiler: /usr/bin/cc - skipped
-- Detecting C compile features
-- Detecting C compile features - done
-- Final: lib/plugin
-- HDF5 find comps: C;shared
-- HDF5 C libs:1 static: and shared:1
-- HDF5-1.14.4 found: INC=/home/byrn/HDF_Projects/temp/HDF_Group/HDF5/1.14.4.2/include; TOOLS=/home/byrn/HDF_Projects/temp/HDF_Group/HDF5/1.14.4.2/bin
-- HDF5 link libs: hdf5::hdf5-shared Includes: /home/byrn/HDF_Projects/temp/HDF_Group/HDF5/1.14.4.2/include
-- HDF5 link libs: hdf5::hdf5-shared
-- Final: lib/plugin
-- Configuring for bshuf HDF5 Plugin version: h5bshuf 1.0
-- Looking for include file sys/stat.h
-- Looking for include file sys/stat.h - found
-- Looking for include files sys/stat.h, sys/types.h
-- Looking for include files sys/stat.h, sys/types.h - found
-- Looking for 3 include files sys/stat.h, ..., stddef.h
-- Looking for 3 include files sys/stat.h, ..., stddef.h - found
-- Looking for 4 include files sys/stat.h, ..., stdint.h
-- Looking for 4 include files sys/stat.h, ..., stdint.h - found
-- Looking for 5 include files sys/stat.h, ..., unistd.h
-- Looking for 5 include files sys/stat.h, ..., unistd.h - found
-- Looking for 6 include files sys/stat.h, ..., io.h
-- Looking for 6 include files sys/stat.h, ..., io.h - not found
-- Looking for 6 include files sys/stat.h, ..., winsock2.h
-- Looking for 6 include files sys/stat.h, ..., winsock2.h - not found
-- Looking for 6 include files sys/stat.h, ..., pthread.h
-- Looking for 6 include files sys/stat.h, ..., pthread.h - found
-- Looking for 7 include files sys/stat.h, ..., string.h
-- Looking for 7 include files sys/stat.h, ..., string.h - found
-- Looking for 8 include files sys/stat.h, ..., strings.h
-- Looking for 8 include files sys/stat.h, ..., strings.h - found
-- Looking for 9 include files sys/stat.h, ..., stdlib.h
-- Looking for 9 include files sys/stat.h, ..., stdlib.h - found
-- Looking for 10 include files sys/stat.h, ..., memory.h
-- Looking for 10 include files sys/stat.h, ..., memory.h - found
-- Looking for 11 include files sys/stat.h, ..., dlfcn.h
-- Looking for 11 include files sys/stat.h, ..., dlfcn.h - found
-- Looking for 12 include files sys/stat.h, ..., fcntl.h
-- Looking for 12 include files sys/stat.h, ..., fcntl.h - found
-- Looking for 13 include files sys/stat.h, ..., inttypes.h
-- Looking for 13 include files sys/stat.h, ..., inttypes.h - found
-- Looking for 14 include files sys/stat.h, ..., stdbool.h
-- Looking for 14 include files sys/stat.h, ..., stdbool.h - found
-- Looking for ceil in m;
-- Looking for ceil in m; - found
-- Looking for dlopen in dl;m
-- Looking for dlopen in dl;m - found
-- Looking for WSAStartup in ws2_32;m;dl
-- Looking for WSAStartup in ws2_32;m;dl - not found
-- Looking for gethostbyname in wsock32;m;dl
-- Looking for gethostbyname in wsock32;m;dl - not found
-- Looking for gethostname in ucb;m;dl
-- Looking for gethostname in ucb;m;dl - not found
-- Check size of char
-- Check size of char - done
-- Check size of short
-- Check size of short - done
-- Check size of int
-- Check size of int - done
-- Check size of unsigned
-- Check size of unsigned - done
-- Check size of long
-- Check size of long - done
-- Check size of long long
-- Check size of long long - done
-- Check size of __int64
-- Check size of __int64 - failed
-- Check size of float
-- Check size of float - done
-- Check size of double
-- Check size of double - done
-- Check size of long double
-- Check size of long double - done
-- Check size of int8_t
-- Check size of int8_t - done
-- Check size of uint8_t
-- Check size of uint8_t - done
-- Check size of int_least8_t
-- Check size of int_least8_t - done
-- Check size of uint_least8_t
-- Check size of uint_least8_t - done
-- Check size of int_fast8_t
-- Check size of int_fast8_t - done
-- Check size of uint_fast8_t
-- Check size of uint_fast8_t - done
-- Check size of int16_t
-- Check size of int16_t - done
-- Check size of uint16_t
-- Check size of uint16_t - done
-- Check size of int_least16_t
-- Check size of int_least16_t - done
-- Check size of uint_least16_t
-- Check size of uint_least16_t - done
-- Check size of int_fast16_t
-- Check size of int_fast16_t - done
-- Check size of uint_fast16_t
-- Check size of uint_fast16_t - done
-- Check size of int32_t
-- Check size of int32_t - done
-- Check size of uint32_t
-- Check size of uint32_t - done
-- Check size of int_least32_t
-- Check size of int_least32_t - done
-- Check size of uint_least32_t
-- Check size of uint_least32_t - done
-- Check size of int_fast32_t
-- Check size of int_fast32_t - done
-- Check size of uint_fast32_t
-- Check size of uint_fast32_t - done
-- Check size of int64_t
-- Check size of int64_t - done
-- Check size of uint64_t
-- Check size of uint64_t - done
-- Check size of int_least64_t
-- Check size of int_least64_t - done
-- Check size of uint_least64_t
-- Check size of uint_least64_t - done
-- Check size of int_fast64_t
-- Check size of int_fast64_t - done
-- Check size of uint_fast64_t
-- Check size of uint_fast64_t - done
-- Check size of size_t
-- Check size of size_t - done
-- Check size of ssize_t
-- Check size of ssize_t - done
-- Check size of ptrdiff_t
-- Check size of ptrdiff_t - done
-- Check size of off_t
-- Check size of off_t - done
-- Check size of off64_t
-- Check size of off64_t - done
-- Check size of time_t
-- Check size of time_t - done
-- Check size of bool
-- Check size of bool - done
-- Looking for vprintf
-- Looking for vprintf - found
-- Looking for _doprnt
-- Looking for _doprnt - not found
-- Looking for memset
-- Looking for memset - found
-- HDF5 link libs: m;dl;hdf5::hdf5-shared Includes: /home/byrn/HDF_Projects/temp/HDF_Group/HDF5/1.14.4.2/include
-- H5BSHUF link libs: m;dl;hdf5::hdf5-shared
-- The CXX compiler identification is GNU 14.0.1
-- Detecting CXX compiler ABI info
-- Detecting CXX compiler ABI info - done
-- Check for working CXX compiler: /usr/bin/c++ - skipped
-- Detecting CXX compile features
-- Detecting CXX compile features - done
-- Final: lib/plugin
-- Configuring for blosc HDF5 Plugin version: h5blosc 1.0.0
-- HDF5 link libs: m;dl;hdf5::hdf5-shared Includes: /home/byrn/HDF_Projects/temp/HDF_Group/HDF5/1.14.4.2/include
-- H5BLOSC link libs: m;dl;hdf5::hdf5-shared
-- Performing Test CMAKE_HAVE_LIBC_PTHREAD
-- Performing Test CMAKE_HAVE_LIBC_PTHREAD - Success
-- Found Threads: TRUE  
-- Check size of off64_t
-- Check size of off64_t - done
-- Looking for fseeko
-- Looking for fseeko - found
-- Looking for unistd.h
-- Looking for unistd.h - found
-- Filter BLOSC_ZLIB is built
-- Filter BLOSC_ZLIB is ON
-- The ASM compiler identification is GNU
-- Found assembler: /usr/bin/cc
-- Using LZ4 internal sources.
-- Using zlib internal sources.
-- Using ZSTD internal sources.
-- Building for system processor x86_64
-- Adding run-time support for SSE2
-- Adding run-time support for AVX2
-- Adding support for assembly sources in ZSTD
-- BLOSC is built
-- BLOSC is ON
-- Final: lib/plugin
-- Configuring for blosc2 HDF5 Plugin version: h5blosc2 1.0.0
-- HDF5 link libs: m;dl;hdf5::hdf5-shared Includes: /home/byrn/HDF_Projects/temp/HDF_Group/HDF5/1.14.4.2/include
-- H5BLOSC2 link libs: m;dl;hdf5::hdf5-shared
-- Using LZ4 internal sources.
-- Using ZLIB-NG internal sources for ZLIB support.
-- Using CMake version 3.28.2
-- ZLIB_HEADER_VERSION: 1.2.11
-- ZLIBNG_HEADER_VERSION: 2.0.7
-- Arch detected: 'x86_64'
-- Basearch of 'x86_64' has been detected as: 'x86'
-- Using CMake toolchain: /home/byrn/HDF_Projects/hdf5_plugins/config/toolchain/gcc.cmake
-- Performing Test FNO_LTO_AVAILABLE
-- Performing Test FNO_LTO_AVAILABLE - Success
-- Architecture supports unaligned reads
-- Architecture supports unaligned reads of > 4 bytes
-- Looking for sys/sdt.h
-- Looking for sys/sdt.h - found
-- Looking for strerror
-- Looking for strerror - found
-- Looking for posix_memalign
-- Looking for posix_memalign - found
-- Looking for aligned_alloc
-- Looking for aligned_alloc - found
-- Performing Test HAVE_NO_INTERPOSITION
-- Performing Test HAVE_NO_INTERPOSITION - Success
-- Performing Test HAVE_ATTRIBUTE_VISIBILITY_HIDDEN
-- Performing Test HAVE_ATTRIBUTE_VISIBILITY_HIDDEN - Success
-- Performing Test HAVE_ATTRIBUTE_VISIBILITY_INTERNAL
-- Performing Test HAVE_ATTRIBUTE_VISIBILITY_INTERNAL - Success
-- Performing Test HAVE_BUILTIN_CTZ
-- Performing Test HAVE_BUILTIN_CTZ - Success
-- Performing Test HAVE_BUILTIN_CTZLL
-- Performing Test HAVE_BUILTIN_CTZLL - Success
-- Performing Test HAVE_PTRDIFF_T
-- Performing Test HAVE_PTRDIFF_T - Success
-- Performing Test HAVE_SSE2_INTRIN
-- Performing Test HAVE_SSE2_INTRIN - Success
-- Performing Test HAVE_SSSE3_INTRIN
-- Performing Test HAVE_SSSE3_INTRIN - Success
-- Performing Test HAVE_SSE42CRC_INLINE_ASM
-- Performing Test HAVE_SSE42CRC_INLINE_ASM - Success
-- Performing Test HAVE_SSE42CRC_INTRIN
-- Performing Test HAVE_SSE42CRC_INTRIN - Success
-- Performing Test HAVE_SSE42CMPSTR_INTRIN
-- Performing Test HAVE_SSE42CMPSTR_INTRIN - Success
-- Performing Test HAVE_PCLMULQDQ_INTRIN
-- Performing Test HAVE_PCLMULQDQ_INTRIN - Success
-- Performing Test HAVE_AVX2_INTRIN
-- Performing Test HAVE_AVX2_INTRIN - Success
-- Architecture-specific source files: arch/x86/x86.c;arch/x86/slide_avx.c;arch/x86/chunkset_avx.c;arch/x86/compare258_avx.c;arch/x86/adler32_avx.c;arch/x86/insert_string_sse.c;arch/x86/compare258_sse.c;arch/x86/chunkset_sse.c;arch/x86/slide_sse.c;arch/x86/adler32_ssse3.c;arch/x86/crc_folding.c
-- Renaming
--     /home/byrn/HDF_Projects/build/ci-StdShar-GNUC/_deps/blosc2-src/internal-complibs/zlib-ng-2.0.7/zconf.h
-- to 'zconf.h.included' because this file is included with zlib
-- but CMake generates it automatically in the build directory.
-- The following features have been enabled:

 * CMAKE_BUILD_TYPE, Build type: RelWithDebInfo (selected)
 * WITH_GZFILEOP, Compile with support for gzFile related functions
 * ZLIB_COMPAT, Compile with zlib compatible API
 * WITH_OPTIM, Build with optimisation
 * WITH_NEW_STRATEGIES, Use new strategies
 * WITH_UNALIGNED, Support unaligned reads on platforms that support it
 * WITH_AVX2, Build with AVX2
 * WITH_SSE2, Build with SSE2
 * WITH_SSSE3, Build with SSSE3
 * WITH_SSE4, Build with SSE4
 * WITH_PCLMULQDQ, Build with PCLMULQDQ
 * AVX2_SLIDEHASH, Support AVX2 optimized slide_hash, using "-mavx2"
 * AVX_CHUNKSET, Support AVX optimized chunkset, using "-mavx2"
 * AVX2_COMPARE258, Support AVX2 optimized compare258, using "-mavx2"
 * AVX2_ADLER32, Support AVX2-accelerated adler32, using "-mavx2"
 * SSE42_CRC, Support SSE4.2 optimized CRC hash generation, using "-msse4"
 * SSE42_COMPARE258, Support SSE4.2 optimized compare258, using "-msse4"
 * SSSE3_ADLER32, Support SSSE3-accelerated adler32, using "-mssse3"
 * PCLMUL_CRC, Support CRC hash generation using PCLMULQDQ, using "-mssse3 -msse4 -mpclmul"

-- The following OPTIONAL packages have been found:

 * HDF5

-- The following REQUIRED packages have been found:

 * Threads

-- The following features have been disabled:

 * ZLIB_ENABLE_TESTS, Build test binaries
 * ZLIB_DUAL_LINK, Dual link tests against system zlib
 * WITH_FUZZERS, Build test/fuzz
 * WITH_NATIVE_INSTRUCTIONS, Instruct the compiler to use the full instruction set on this host (gcc/clang -march=native)
 * WITH_MAINTAINER_WARNINGS, Build with project maintainer warnings
 * WITH_CODE_COVERAGE, Enable code coverage reporting
 * WITH_INFLATE_STRICT, Build with strict inflate distance checking
 * WITH_INFLATE_ALLOW_INVALID_DIST, Build with zero fill for inflate invalid distances
 * INSTALL_UTILS, Copy minigzip and minideflate during install
 * FORCE_TZCNT, Assume CPU is TZCNT capable

-- Using ZSTD internal sources.
-- Building for system processor x86_64
-- Building for compiler ID GNU
-- Adding support for assembly sources in ZSTD
-- Adding run-time support for SSE2
-- Adding run-time support for AVX2
-- Adding run-time support for AVX512
-- BLOSC2 is built
-- BLOSC2 is ON
-- Final: lib/plugin
-- Configuring for bz2 HDF5 Plugin version: h5bz2 1.0.0
-- HDF5 link libs: m;dl;hdf5::hdf5-shared Includes: /home/byrn/HDF_Projects/temp/HDF_Group/HDF5/1.14.4.2/include
-- H5BZ2 link libs: m;dl;hdf5::hdf5-shared
-- VERSION: 1.0.8
-- Filter BZ2 is built
-- bz2 found: INC=/home/byrn/HDF_Projects/build/ci-StdShar-GNUC/_deps/bz2-src LIBS=bz2-static
-- Final: lib/plugin
-- Configuring for jpeg HDF5 Plugin version: h5jpeg 1.0.0
-- HDF5 link libs: m;dl;hdf5::hdf5-shared Includes: /home/byrn/HDF_Projects/temp/HDF_Group/HDF5/1.14.4.2/include
-- H5JPEG link libs: m;dl;hdf5::hdf5-shared
-- Filter JPEG is built
-- jpeg found: INC=/home/byrn/HDF_Projects/build/ci-StdShar-GNUC/_deps/jpeg-src LIBS=jpeg-static
-- Final: lib/plugin
-- Configuring for lz4 HDF5 Plugin version: h5lz4 1.0
-- Looking for 15 include files sys/stat.h, ..., netinet/in.h
-- Looking for 15 include files sys/stat.h, ..., netinet/in.h - found
-- Looking for 16 include files sys/stat.h, ..., arpa/inet.h
-- Looking for 16 include files sys/stat.h, ..., arpa/inet.h - found
-- Looking for ntohl
-- Looking for ntohl - found
-- Looking for htonl
-- Looking for htonl - found
-- Looking for ntohs
-- Looking for ntohs - found
-- Looking for htons
-- Looking for htons - found
-- HDF5 link libs: m;dl;hdf5::hdf5-shared Includes: /home/byrn/HDF_Projects/temp/HDF_Group/HDF5/1.14.4.2/include
-- H5LZ4 link libs: m;dl;hdf5::hdf5-shared
-- Final: lib/plugin
-- Configuring for lzf HDF5 Plugin version: h5lzf 1.0
-- HDF5 link libs: m;dl;hdf5::hdf5-shared Includes: /home/byrn/HDF_Projects/temp/HDF_Group/HDF5/1.14.4.2/include
-- H5LZF link libs: m;dl;hdf5::hdf5-shared
-- Filter LZF is built
-- lzf found: INC=/home/byrn/HDF_Projects/build/ci-StdShar-GNUC/_deps/lzf-src TOOLS=lzf-static
-- Final: lib/plugin
-- Configuring for zfp HDF5 Plugin version: h5zfp 1.0
-- HDF5 link libs: m;dl;hdf5::hdf5-shared Includes: /home/byrn/HDF_Projects/temp/HDF_Group/HDF5/1.14.4.2/include
-- H5ZFP link libs: m;dl;hdf5::hdf5-shared
-- Compiling with C standard: 99
-- Compiling with C++ standard: 98
-- Performing Test HAVE_MATH
-- Performing Test HAVE_MATH - Failed
-- Performing Test HAVE_LIBM_MATH
-- Performing Test HAVE_LIBM_MATH - Success
-- Filter ZFP is built
-- zfp found: INC=/home/byrn/HDF_Projects/build/ci-StdShar-GNUC/_deps/zfp-src/include TOOLS=zfp
-- Final: lib/plugin
-- Configuring for zstd HDF5 Plugin version: h5zstd 1.0.0
-- HDF5 link libs: m;dl;hdf5::hdf5-shared Includes: /home/byrn/HDF_Projects/temp/HDF_Group/HDF5/1.14.4.2/include
-- H5ZSTD link libs: m;dl;hdf5::hdf5-shared
-- ZSTD VERSION: 1.5.5
-- Performing Test C_FLAG_WALL
-- Performing Test C_FLAG_WALL - Success
-- Performing Test CXX_FLAG_WALL
-- Performing Test CXX_FLAG_WALL - Success
-- Performing Test C_FLAG_WEXTRA
-- Performing Test C_FLAG_WEXTRA - Success
-- Performing Test CXX_FLAG_WEXTRA
-- Performing Test CXX_FLAG_WEXTRA - Success
-- Performing Test C_FLAG_WUNDEF
-- Performing Test C_FLAG_WUNDEF - Success
-- Performing Test CXX_FLAG_WUNDEF
-- Performing Test CXX_FLAG_WUNDEF - Success
-- Performing Test C_FLAG_WSHADOW
-- Performing Test C_FLAG_WSHADOW - Success
-- Performing Test CXX_FLAG_WSHADOW
-- Performing Test CXX_FLAG_WSHADOW - Success
-- Performing Test C_FLAG_WCAST_ALIGN
-- Performing Test C_FLAG_WCAST_ALIGN - Success
-- Performing Test CXX_FLAG_WCAST_ALIGN
-- Performing Test CXX_FLAG_WCAST_ALIGN - Success
-- Performing Test C_FLAG_WCAST_QUAL
-- Performing Test C_FLAG_WCAST_QUAL - Success
-- Performing Test CXX_FLAG_WCAST_QUAL
-- Performing Test CXX_FLAG_WCAST_QUAL - Success
-- Performing Test C_FLAG_WSTRICT_PROTOTYPES
-- Performing Test C_FLAG_WSTRICT_PROTOTYPES - Success
-- Performing Test LD_FLAG_Z_NOEXECSTACK
-- Performing Test LD_FLAG_Z_NOEXECSTACK - Success
-- Performing Test C_FLAG_QUNUSED_ARGUMENTS
-- Performing Test C_FLAG_QUNUSED_ARGUMENTS - Failed
-- Performing Test CXX_FLAG_QUNUSED_ARGUMENTS
-- Performing Test CXX_FLAG_QUNUSED_ARGUMENTS - Failed
-- Performing Test C_FLAG_WA_NOEXECSTACK
-- Performing Test C_FLAG_WA_NOEXECSTACK - Success
-- Performing Test CXX_FLAG_WA_NOEXECSTACK
-- Performing Test CXX_FLAG_WA_NOEXECSTACK - Success
-- CMAKE_INSTALL_PREFIX: /home/byrn/HDF_Projects/install/ci-StdShar-GNUC
-- CMAKE_INSTALL_LIBDIR: lib64
-- ZSTD_LEGACY_SUPPORT defined!
-- ZSTD_MULTITHREAD_SUPPORT is enabled
-- Filter ZSTD is built
-- zstd found: INC=/home/byrn/HDF_Projects/build/ci-StdShar-GNUC/_deps/zstd-src/lib LIBS=libzstd_static
-- Configuring done (8.0s)
-- Generating done (0.0s)
-- Build files have been written to: /home/byrn/HDF_Projects/build/ci-StdShar-GNUC

Executing workflow step 2 of 4: build preset "ci-StdShar-GNUC"

[1/7] Generating ud_convert_zlib.h5repack_layout.h5.tst
[2/7] Generating h5repack_layout.h5-ud_convert_lz4.ddl
[3/7] Generating h5repack_layout.h5-ud_convert_zlib.ddl
[4/7] Generating h5repack_layout.h5-ud_convert_zstd.ddl
[5/7] Generating ud_convert_lz4hc.h5repack_layout.h5.tst
[6/7] Generating ud_convert_zstd.h5repack_layout.h5.tst
[7/7] Generating h5repack_layout.h5-ud_convert_lz4hc.ddl

Executing workflow step 3 of 4: test preset "ci-StdShar-GNUC"

UpdateCTestConfiguration  from :/home/byrn/HDF_Projects/hdf5_plugins/DartConfiguration.tcl
 Add coverage exclude regular expressions.
UpdateCTestConfiguration  from :/home/byrn/HDF_Projects/build/ci-StdShar-GNUC/DartConfiguration.tcl
Parse Config file:/home/byrn/HDF_Projects/build/ci-StdShar-GNUC/DartConfiguration.tcl
Test project /home/byrn/HDF_Projects/build/ci-StdShar-GNUC
Constructing a list of tests
Done constructing a list of tests
Updating test list for fixtures
Added 0 tests to meet fixture requirements
Checking test dependency graph...
Checking test dependency graph end
test 7
      Start  7: h5ex_d_blosc-clearall

7: Test command: /usr/bin/cmake "-E" "remove" "h5ex_d_blosc.out" "h5ex_d_blosc.out.err" "h5ex_d_blosc.ddl.out" "h5ex_d_blosc.ddl.out.err" "h5ex_d_blosc.h5"
7: Working Directory: /home/byrn/HDF_Projects/build/ci-StdShar-GNUC/BLOSC/example
7: Test timeout computed to be: 600
test 28
      Start 28: h5ex_d_blosc2-clearall

28: Test command: /usr/bin/cmake "-E" "remove" "h5ex_d_blosc2.out" "h5ex_d_blosc2.out.err" "h5ex_d_blosc2.ddl.out" "h5ex_d_blosc2.ddl.out.err" "h5ex_d_blosc2.h5"
28: Working Directory: /home/byrn/HDF_Projects/build/ci-StdShar-GNUC/BLOSC2/example
28: Test timeout computed to be: 600
test 70
      Start 70: h5ex_d_zfp-clearall

70: Test command: /usr/bin/cmake "-E" "remove" "h5ex_d_zfp.out" "h5ex_d_zfp.out.err" "h5ex_d_zfp.ddl.out" "h5ex_d_zfp.ddl.out.err" "h5ex_d_zfp.h5"
70: Working Directory: /home/byrn/HDF_Projects/build/ci-StdShar-GNUC/ZFP/example
70: Test timeout computed to be: 600
test 49
      Start 49: h5ex_d_bzip2-clearall

49: Test command: /usr/bin/cmake "-E" "remove" "h5ex_d_bzip2.out" "h5ex_d_bzip2.out.err" "h5ex_d_bzip2.ddl.out" "h5ex_d_bzip2.ddl.out.err" "h5ex_d_bzip2.h5"
49: Working Directory: /home/byrn/HDF_Projects/build/ci-StdShar-GNUC/BZIP2/example
49: Test timeout computed to be: 600
test 58
      Start 58: h5ex_d_lz4-clearall

58: Test command: /usr/bin/cmake "-E" "remove" "h5ex_d_lz4.out" "h5ex_d_lz4.out.err" "h5ex_d_lz4.ddl.out" "h5ex_d_lz4.ddl.out.err" "h5ex_d_lz4.h5"
58: Working Directory: /home/byrn/HDF_Projects/build/ci-StdShar-GNUC/LZ4/example
58: Test timeout computed to be: 600
test 64
      Start 64: h5ex_d_lzf-clearall

64: Test command: /usr/bin/cmake "-E" "remove" "h5ex_d_lzf.out" "h5ex_d_lzf.out.err" "h5ex_d_lzf.ddl.out" "h5ex_d_lzf.ddl.out.err" "h5ex_d_lzf.h5"
64: Working Directory: /home/byrn/HDF_Projects/build/ci-StdShar-GNUC/LZF/example
64: Test timeout computed to be: 600
test 1
      Start  1: h5ex_d_bshuf-clearall

1: Test command: /usr/bin/cmake "-E" "remove" "h5ex_d_bshuf.out" "h5ex_d_bshuf.out.err" "h5ex_d_bshuf.ddl.out" "h5ex_d_bshuf.ddl.out.err" "h5ex_d_bshuf.h5"
1: Working Directory: /home/byrn/HDF_Projects/build/ci-StdShar-GNUC/BSHUF/example
1: Test timeout computed to be: 600
test 55
      Start 55: h5ex_d_jpeg-clearall

55: Test command: /usr/bin/cmake "-E" "remove" "h5ex_d_jpeg.out" "h5ex_d_jpeg.out.err" "h5ex_d_jpeg.ddl.out" "h5ex_d_jpeg.ddl.out.err" "h5ex_d_jpeg.h5"
55: Working Directory: /home/byrn/HDF_Projects/build/ci-StdShar-GNUC/JPEG/example
55: Test timeout computed to be: 600
 1/81 Test  #7: h5ex_d_blosc-clearall ...........................   Passed    0.01 sec
test 8
      Start  8: h5ex_d_blosc

8: Test command: /usr/bin/cmake "-D" "TEST_PROGRAM=/home/byrn/HDF_Projects/build/ci-StdShar-GNUC/bin/h5ex_d_blosc" "-D" "TEST_ARGS:STRING=" "-D" "TEST_FOLDER=/home/byrn/HDF_Projects/build/ci-StdShar-GNUC/BLOSC/example" "-D" "TEST_EXPECT=0" "-D" "TEST_OUTPUT=h5ex_d_blosc.out" "-D" "TEST_REFERENCE=h5ex_d_blosc.tst" "-D" "TEST_LIBRARY_DIRECTORY=/home/byrn/HDF_Projects/temp/HDF_Group/HDF5/1.14.4.2/lib" "-D" "TEST_ENV_VAR=HDF5_PLUGIN_PATH" "-D" "TEST_ENV_VALUE=/home/byrn/HDF_Projects/build/ci-StdShar-GNUC/plugins" "-P" "/home/byrn/HDF_Projects/hdf5_plugins/BLOSC/config/cmake/runTest.cmake"
8: Working Directory: /home/byrn/HDF_Projects/build/ci-StdShar-GNUC/BLOSC/example
8: Test timeout computed to be: 600
 2/81 Test #28: h5ex_d_blosc2-clearall ..........................   Passed    0.01 sec
test 29
      Start 29: h5ex_d_blosc2

29: Test command: /usr/bin/cmake "-D" "TEST_PROGRAM=/home/byrn/HDF_Projects/build/ci-StdShar-GNUC/bin/h5ex_d_blosc2" "-D" "TEST_ARGS:STRING=" "-D" "TEST_FOLDER=/home/byrn/HDF_Projects/build/ci-StdShar-GNUC/BLOSC2/example" "-D" "TEST_EXPECT=0" "-D" "TEST_OUTPUT=h5ex_d_blosc2.out" "-D" "TEST_REFERENCE=h5ex_d_blosc2.tst" "-D" "TEST_LIBRARY_DIRECTORY=/home/byrn/HDF_Projects/temp/HDF_Group/HDF5/1.14.4.2/lib" "-D" "TEST_ENV_VAR=HDF5_PLUGIN_PATH" "-D" "TEST_ENV_VALUE=/home/byrn/HDF_Projects/build/ci-StdShar-GNUC/plugins" "-P" "/home/byrn/HDF_Projects/hdf5_plugins/BLOSC2/config/cmake/runTest.cmake"
29: Working Directory: /home/byrn/HDF_Projects/build/ci-StdShar-GNUC/BLOSC2/example
29: Test timeout computed to be: 600
 3/81 Test #70: h5ex_d_zfp-clearall .............................   Passed    0.01 sec
test 71
      Start 71: h5ex_d_zfp

71: Test command: /usr/bin/cmake "-D" "TEST_PROGRAM=/home/byrn/HDF_Projects/build/ci-StdShar-GNUC/bin/h5ex_d_zfp" "-D" "TEST_ARGS:STRING=" "-D" "TEST_FOLDER=/home/byrn/HDF_Projects/build/ci-StdShar-GNUC/ZFP/example" "-D" "TEST_EXPECT=0" "-D" "TEST_OUTPUT=h5ex_d_zfp.out" "-D" "TEST_REFERENCE=h5ex_d_zfp.tst" "-D" "TEST_LIBRARY_DIRECTORY=/home/byrn/HDF_Projects/temp/HDF_Group/HDF5/1.14.4.2/lib" "-D" "TEST_ENV_VAR=HDF5_PLUGIN_PATH" "-D" "TEST_ENV_VALUE=/home/byrn/HDF_Projects/build/ci-StdShar-GNUC/plugins" "-P" "/home/byrn/HDF_Projects/hdf5_plugins/ZFP/config/cmake/runTest.cmake"
71: Working Directory: /home/byrn/HDF_Projects/build/ci-StdShar-GNUC/ZFP/example
71: Test timeout computed to be: 600
 4/81 Test #49: h5ex_d_bzip2-clearall ...........................   Passed    0.01 sec
test 50
      Start 50: h5ex_d_bzip2

50: Test command: /usr/bin/cmake "-D" "TEST_PROGRAM=/home/byrn/HDF_Projects/build/ci-StdShar-GNUC/bin/h5ex_d_bzip2" "-D" "TEST_ARGS:STRING=" "-D" "TEST_FOLDER=/home/byrn/HDF_Projects/build/ci-StdShar-GNUC/BZIP2/example" "-D" "TEST_EXPECT=0" "-D" "TEST_OUTPUT=h5ex_d_bzip2.out" "-D" "TEST_REFERENCE=h5ex_d_bzip2.tst" "-D" "TEST_LIBRARY_DIRECTORY=/home/byrn/HDF_Projects/temp/HDF_Group/HDF5/1.14.4.2/lib" "-D" "TEST_ENV_VAR=HDF5_PLUGIN_PATH" "-D" "TEST_ENV_VALUE=/home/byrn/HDF_Projects/build/ci-StdShar-GNUC/plugins" "-P" "/home/byrn/HDF_Projects/hdf5_plugins/BZIP2/config/cmake/runTest.cmake"
50: Working Directory: /home/byrn/HDF_Projects/build/ci-StdShar-GNUC/BZIP2/example
50: Test timeout computed to be: 600
 5/81 Test #58: h5ex_d_lz4-clearall .............................   Passed    0.01 sec
test 59
      Start 59: h5ex_d_lz4

59: Test command: /usr/bin/cmake "-D" "TEST_PROGRAM=/home/byrn/HDF_Projects/build/ci-StdShar-GNUC/bin/h5ex_d_lz4" "-D" "TEST_ARGS:STRING=" "-D" "TEST_FOLDER=/home/byrn/HDF_Projects/build/ci-StdShar-GNUC/LZ4/example" "-D" "TEST_EXPECT=0" "-D" "TEST_OUTPUT=h5ex_d_lz4.out" "-D" "TEST_REFERENCE=h5ex_d_lz4.tst" "-D" "TEST_LIBRARY_DIRECTORY=/home/byrn/HDF_Projects/temp/HDF_Group/HDF5/1.14.4.2/lib" "-D" "TEST_ENV_VAR=HDF5_PLUGIN_PATH" "-D" "TEST_ENV_VALUE=/home/byrn/HDF_Projects/build/ci-StdShar-GNUC/plugins" "-P" "/home/byrn/HDF_Projects/hdf5_plugins/LZ4/config/cmake/runTest.cmake"
59: Working Directory: /home/byrn/HDF_Projects/build/ci-StdShar-GNUC/LZ4/example
59: Test timeout computed to be: 600
 6/81 Test #64: h5ex_d_lzf-clearall .............................   Passed    0.01 sec
test 65
      Start 65: h5ex_d_lzf

65: Test command: /usr/bin/cmake "-D" "TEST_PROGRAM=/home/byrn/HDF_Projects/build/ci-StdShar-GNUC/bin/h5ex_d_lzf" "-D" "TEST_ARGS:STRING=" "-D" "TEST_FOLDER=/home/byrn/HDF_Projects/build/ci-StdShar-GNUC/LZF/example" "-D" "TEST_EXPECT=0" "-D" "TEST_OUTPUT=h5ex_d_lzf.out" "-D" "TEST_REFERENCE=h5ex_d_lzf.tst" "-D" "TEST_LIBRARY_DIRECTORY=/home/byrn/HDF_Projects/temp/HDF_Group/HDF5/1.14.4.2/lib" "-D" "TEST_ENV_VAR=HDF5_PLUGIN_PATH" "-D" "TEST_ENV_VALUE=/home/byrn/HDF_Projects/build/ci-StdShar-GNUC/plugins" "-P" "/home/byrn/HDF_Projects/hdf5_plugins/LZF/config/cmake/runTest.cmake"
65: Working Directory: /home/byrn/HDF_Projects/build/ci-StdShar-GNUC/LZF/example
65: Test timeout computed to be: 600
 7/81 Test  #1: h5ex_d_bshuf-clearall ...........................   Passed    0.01 sec
test 2
      Start  2: h5ex_d_bshuf

2: Test command: /usr/bin/cmake "-D" "TEST_PROGRAM=/home/byrn/HDF_Projects/build/ci-StdShar-GNUC/bin/h5ex_d_bshuf" "-D" "TEST_ARGS:STRING=" "-D" "TEST_FOLDER=/home/byrn/HDF_Projects/build/ci-StdShar-GNUC/BSHUF/example" "-D" "TEST_EXPECT=0" "-D" "TEST_OUTPUT=h5ex_d_bshuf.out" "-D" "TEST_REFERENCE=h5ex_d_bshuf.tst" "-D" "TEST_LIBRARY_DIRECTORY=/home/byrn/HDF_Projects/temp/HDF_Group/HDF5/1.14.4.2/lib" "-D" "TEST_ENV_VAR=HDF5_PLUGIN_PATH" "-D" "TEST_ENV_VALUE=/home/byrn/HDF_Projects/build/ci-StdShar-GNUC/plugins" "-P" "/home/byrn/HDF_Projects/hdf5_plugins/BSHUF/config/cmake/runTest.cmake"
2: Working Directory: /home/byrn/HDF_Projects/build/ci-StdShar-GNUC/BSHUF/example
2: Test timeout computed to be: 600
8: -- Require TEST_EXPECT to be defined
8: -- COMMAND:  /home/byrn/HDF_Projects/build/ci-StdShar-GNUC/bin/h5ex_d_blosc 
 8/81 Test #55: h5ex_d_jpeg-clearall ............................   Passed    0.01 sec
test 79
      Start 79: h5ex_d_zstd-clearall

79: Test command: /usr/bin/cmake "-E" "remove" "h5ex_d_zstd.out" "h5ex_d_zstd.out.err" "h5ex_d_zstd.ddl.out" "h5ex_d_zstd.ddl.out.err" "h5ex_d_zstd.h5"
79: Working Directory: /home/byrn/HDF_Projects/build/ci-StdShar-GNUC/ZSTD/example
79: Test timeout computed to be: 600
29: -- Require TEST_EXPECT to be defined
29: -- COMMAND:  /home/byrn/HDF_Projects/build/ci-StdShar-GNUC/bin/h5ex_d_blosc2 
71: -- Require TEST_EXPECT to be defined
71: -- COMMAND:  /home/byrn/HDF_Projects/build/ci-StdShar-GNUC/bin/h5ex_d_zfp 
50: -- Require TEST_EXPECT to be defined
50: -- COMMAND:  /home/byrn/HDF_Projects/build/ci-StdShar-GNUC/bin/h5ex_d_bzip2 
8: -- COMMAND Result: 0
8: -- COMMAND Error: 
59: -- Require TEST_EXPECT to be defined
59: -- COMMAND:  /home/byrn/HDF_Projects/build/ci-StdShar-GNUC/bin/h5ex_d_lz4 
65: -- Require TEST_EXPECT to be defined
65: -- COMMAND:  /home/byrn/HDF_Projects/build/ci-StdShar-GNUC/bin/h5ex_d_lzf 
71: -- COMMAND Result: 0
71: -- COMMAND Error: 
2: -- Require TEST_EXPECT to be defined
2: -- COMMAND:  /home/byrn/HDF_Projects/build/ci-StdShar-GNUC/bin/h5ex_d_bshuf 
59: -- COMMAND Result: 0
59: -- COMMAND Error: 
50: -- COMMAND Result: 0
50: -- COMMAND Error: 
 9/81 Test #79: h5ex_d_zstd-clearall ............................   Passed    0.01 sec
test 56
      Start 56: h5ex_d_jpeg

56: Test command: /usr/bin/cmake "-D" "TEST_PROGRAM=/home/byrn/HDF_Projects/build/ci-StdShar-GNUC/bin/h5ex_d_jpeg" "-D" "TEST_ARGS:STRING=" "-D" "TEST_FOLDER=/home/byrn/HDF_Projects/build/ci-StdShar-GNUC/JPEG/example" "-D" "TEST_EXPECT=0" "-D" "TEST_OUTPUT=h5ex_d_jpeg.out" "-D" "TEST_REFERENCE=h5ex_d_jpeg.tst" "-D" "TEST_LIBRARY_DIRECTORY=/home/byrn/HDF_Projects/temp/HDF_Group/HDF5/1.14.4.2/lib" "-D" "TEST_ENV_VAR=HDF5_PLUGIN_PATH" "-D" "TEST_ENV_VALUE=/home/byrn/HDF_Projects/build/ci-StdShar-GNUC/plugins" "-P" "/home/byrn/HDF_Projects/hdf5_plugins/JPEG/config/cmake/runTest.cmake"
56: Working Directory: /home/byrn/HDF_Projects/build/ci-StdShar-GNUC/JPEG/example
56: Test timeout computed to be: 600
65: -- COMMAND Result: 0
65: -- COMMAND Error: 
2: -- COMMAND Result: 0
2: -- COMMAND Error: 
8: -- COMPARE Result: 0
8: -- /home/byrn/HDF_Projects/build/ci-StdShar-GNUC/bin/h5ex_d_blosc Passed
10/81 Test  #8: h5ex_d_blosc ....................................   Passed    0.02 sec
test 9
      Start  9: H5DUMP-h5ex_d_blosc

9: Test command: /usr/bin/cmake "-D" "TEST_PROGRAM=/home/byrn/HDF_Projects/temp/HDF_Group/HDF5/1.14.4.2/bin/h5dump" "-D" "TEST_ARGS:STRING=--enable-error-stack;-p;h5ex_d_blosc.h5" "-D" "TEST_FOLDER=/home/byrn/HDF_Projects/build/ci-StdShar-GNUC/BLOSC/example" "-D" "TEST_OUTPUT=h5ex_d_blosc.ddl.out" "-D" "TEST_EXPECT=0" "-D" "TEST_REFERENCE=h5ex_d_blosc.ddl" "-D" "TEST_LIBRARY_DIRECTORY=/home/byrn/HDF_Projects/temp/HDF_Group/HDF5/1.14.4.2/lib" "-D" "TEST_ENV_VAR=HDF5_PLUGIN_PATH" "-D" "TEST_ENV_VALUE=/home/byrn/HDF_Projects/build/ci-StdShar-GNUC/plugins" "-P" "/home/byrn/HDF_Projects/hdf5_plugins/BLOSC/config/cmake/runTest.cmake"
9: Working Directory: /home/byrn/HDF_Projects/build/ci-StdShar-GNUC/BLOSC/example
9: Test timeout computed to be: 600
71: -- COMPARE Result: 0
71: -- /home/byrn/HDF_Projects/build/ci-StdShar-GNUC/bin/h5ex_d_zfp Passed
29: -- COMMAND Result: 0
29: -- COMMAND Error: 
11/81 Test #71: h5ex_d_zfp ......................................   Passed    0.02 sec
test 72
      Start 72: H5DUMP-h5ex_d_zfp

72: Test command: /usr/bin/cmake "-D" "TEST_PROGRAM=/home/byrn/HDF_Projects/temp/HDF_Group/HDF5/1.14.4.2/bin/h5dump" "-D" "TEST_ARGS:STRING=--enable-error-stack;-p;h5ex_d_zfp.h5" "-D" "TEST_FOLDER=/home/byrn/HDF_Projects/build/ci-StdShar-GNUC/ZFP/example" "-D" "TEST_OUTPUT=h5ex_d_zfp.ddl.out" "-D" "TEST_EXPECT=0" "-D" "TEST_REFERENCE=h5ex_d_zfp.ddl" "-D" "TEST_FILTER:STRING=PARAMS {[ -0-9]*}" "-D" "TEST_FILTER_REPLACE:STRING=PARAMS { XXXX }" "-D" "TEST_LIBRARY_DIRECTORY=/home/byrn/HDF_Projects/temp/HDF_Group/HDF5/1.14.4.2/lib" "-D" "TEST_ENV_VAR=HDF5_PLUGIN_PATH" "-D" "TEST_ENV_VALUE=/home/byrn/HDF_Projects/build/ci-StdShar-GNUC/plugins" "-P" "/home/byrn/HDF_Projects/hdf5_plugins/ZFP/config/cmake/runTest.cmake"
72: Working Directory: /home/byrn/HDF_Projects/build/ci-StdShar-GNUC/ZFP/example
72: Test timeout computed to be: 600
50: -- COMPARE Result: 0
50: -- /home/byrn/HDF_Projects/build/ci-StdShar-GNUC/bin/h5ex_d_bzip2 Passed
59: -- COMPARE Result: 0
59: -- /home/byrn/HDF_Projects/build/ci-StdShar-GNUC/bin/h5ex_d_lz4 Passed
12/81 Test #50: h5ex_d_bzip2 ....................................   Passed    0.03 sec
test 51
      Start 51: H5DUMP-h5ex_d_bzip2

51: Test command: /usr/bin/cmake "-D" "TEST_PROGRAM=/home/byrn/HDF_Projects/temp/HDF_Group/HDF5/1.14.4.2/bin/h5dump" "-D" "TEST_ARGS:STRING=--enable-error-stack;-p;h5ex_d_bzip2.h5" "-D" "TEST_FOLDER=/home/byrn/HDF_Projects/build/ci-StdShar-GNUC/BZIP2/example" "-D" "TEST_OUTPUT=h5ex_d_bzip2.ddl.out" "-D" "TEST_EXPECT=0" "-D" "TEST_REFERENCE=h5ex_d_bzip2.ddl" "-D" "TEST_LIBRARY_DIRECTORY=/home/byrn/HDF_Projects/temp/HDF_Group/HDF5/1.14.4.2/lib" "-D" "TEST_ENV_VAR=HDF5_PLUGIN_PATH" "-D" "TEST_ENV_VALUE=/home/byrn/HDF_Projects/build/ci-StdShar-GNUC/plugins" "-P" "/home/byrn/HDF_Projects/hdf5_plugins/BZIP2/config/cmake/runTest.cmake"
51: Working Directory: /home/byrn/HDF_Projects/build/ci-StdShar-GNUC/BZIP2/example
51: Test timeout computed to be: 600
56: -- Require TEST_EXPECT to be defined
56: -- COMMAND:  /home/byrn/HDF_Projects/build/ci-StdShar-GNUC/bin/h5ex_d_jpeg 
65: -- COMPARE Result: 0
65: -- /home/byrn/HDF_Projects/build/ci-StdShar-GNUC/bin/h5ex_d_lzf Passed
13/81 Test #59: h5ex_d_lz4 ......................................   Passed    0.03 sec
test 60
      Start 60: H5DUMP-h5ex_d_lz4

60: Test command: /usr/bin/cmake "-D" "TEST_PROGRAM=/home/byrn/HDF_Projects/temp/HDF_Group/HDF5/1.14.4.2/bin/h5dump" "-D" "TEST_ARGS:STRING=--enable-error-stack;-p;h5ex_d_lz4.h5" "-D" "TEST_FOLDER=/home/byrn/HDF_Projects/build/ci-StdShar-GNUC/LZ4/example" "-D" "TEST_OUTPUT=h5ex_d_lz4.ddl.out" "-D" "TEST_EXPECT=0" "-D" "TEST_REFERENCE=h5ex_d_lz4.ddl" "-D" "TEST_LIBRARY_DIRECTORY=/home/byrn/HDF_Projects/temp/HDF_Group/HDF5/1.14.4.2/lib" "-D" "TEST_ENV_VAR=HDF5_PLUGIN_PATH" "-D" "TEST_ENV_VALUE=/home/byrn/HDF_Projects/build/ci-StdShar-GNUC/plugins" "-P" "/home/byrn/HDF_Projects/hdf5_plugins/LZ4/config/cmake/runTest.cmake"
60: Working Directory: /home/byrn/HDF_Projects/build/ci-StdShar-GNUC/LZ4/example
60: Test timeout computed to be: 600
9: -- Require TEST_EXPECT to be defined
9: -- COMMAND:  /home/byrn/HDF_Projects/temp/HDF_Group/HDF5/1.14.4.2/bin/h5dump --enable-error-stack;-p;h5ex_d_blosc.h5
14/81 Test #65: h5ex_d_lzf ......................................   Passed    0.03 sec
test 66
      Start 66: H5DUMP-h5ex_d_lzf

66: Test command: /usr/bin/cmake "-D" "TEST_PROGRAM=/home/byrn/HDF_Projects/temp/HDF_Group/HDF5/1.14.4.2/bin/h5dump" "-D" "TEST_ARGS:STRING=--enable-error-stack;-p;h5ex_d_lzf.h5" "-D" "TEST_FOLDER=/home/byrn/HDF_Projects/build/ci-StdShar-GNUC/LZF/example" "-D" "TEST_OUTPUT=h5ex_d_lzf.ddl.out" "-D" "TEST_EXPECT=0" "-D" "TEST_REFERENCE=h5ex_d_lzf.ddl" "-D" "TEST_LIBRARY_DIRECTORY=/home/byrn/HDF_Projects/temp/HDF_Group/HDF5/1.14.4.2/lib" "-D" "TEST_ENV_VAR=HDF5_PLUGIN_PATH" "-D" "TEST_ENV_VALUE=/home/byrn/HDF_Projects/build/ci-StdShar-GNUC/plugins" "-P" "/home/byrn/HDF_Projects/hdf5_plugins/LZF/config/cmake/runTest.cmake"
66: Working Directory: /home/byrn/HDF_Projects/build/ci-StdShar-GNUC/LZF/example
66: Test timeout computed to be: 600
2: -- COMPARE Result: 0
2: -- /home/byrn/HDF_Projects/build/ci-StdShar-GNUC/bin/h5ex_d_bshuf Passed
29: -- COMPARE Result: 0
29: -- /home/byrn/HDF_Projects/build/ci-StdShar-GNUC/bin/h5ex_d_blosc2 Passed
15/81 Test  #2: h5ex_d_bshuf ....................................   Passed    0.03 sec
test 3
      Start  3: H5DUMP-h5ex_d_bshuf

3: Test command: /usr/bin/cmake "-D" "TEST_PROGRAM=/home/byrn/HDF_Projects/temp/HDF_Group/HDF5/1.14.4.2/bin/h5dump" "-D" "TEST_ARGS:STRING=--enable-error-stack;-p;h5ex_d_bshuf.h5" "-D" "TEST_FOLDER=/home/byrn/HDF_Projects/build/ci-StdShar-GNUC/BSHUF/example" "-D" "TEST_OUTPUT=h5ex_d_bshuf.ddl.out" "-D" "TEST_EXPECT=0" "-D" "TEST_REFERENCE=h5ex_d_bshuf.ddl" "-D" "TEST_LIBRARY_DIRECTORY=/home/byrn/HDF_Projects/temp/HDF_Group/HDF5/1.14.4.2/lib" "-D" "TEST_ENV_VAR=HDF5_PLUGIN_PATH" "-D" "TEST_ENV_VALUE=/home/byrn/HDF_Projects/build/ci-StdShar-GNUC/plugins" "-P" "/home/byrn/HDF_Projects/hdf5_plugins/BSHUF/config/cmake/runTest.cmake"
3: Working Directory: /home/byrn/HDF_Projects/build/ci-StdShar-GNUC/BSHUF/example
3: Test timeout computed to be: 600
72: -- Require TEST_EXPECT to be defined
72: -- COMMAND:  /home/byrn/HDF_Projects/temp/HDF_Group/HDF5/1.14.4.2/bin/h5dump --enable-error-stack;-p;h5ex_d_zfp.h5
16/81 Test #29: h5ex_d_blosc2 ...................................   Passed    0.04 sec
test 30
      Start 30: H5DUMP-h5ex_d_blosc2

30: Test command: /usr/bin/cmake "-D" "TEST_PROGRAM=/home/byrn/HDF_Projects/temp/HDF_Group/HDF5/1.14.4.2/bin/h5dump" "-D" "TEST_ARGS:STRING=--enable-error-stack;-p;h5ex_d_blosc2.h5" "-D" "TEST_FOLDER=/home/byrn/HDF_Projects/build/ci-StdShar-GNUC/BLOSC2/example" "-D" "TEST_OUTPUT=h5ex_d_blosc2.ddl.out" "-D" "TEST_EXPECT=0" "-D" "TEST_REFERENCE=h5ex_d_blosc2.ddl" "-D" "TEST_LIBRARY_DIRECTORY=/home/byrn/HDF_Projects/temp/HDF_Group/HDF5/1.14.4.2/lib" "-D" "TEST_ENV_VAR=HDF5_PLUGIN_PATH" "-D" "TEST_ENV_VALUE=/home/byrn/HDF_Projects/build/ci-StdShar-GNUC/plugins" "-P" "/home/byrn/HDF_Projects/hdf5_plugins/BLOSC2/config/cmake/runTest.cmake"
30: Working Directory: /home/byrn/HDF_Projects/build/ci-StdShar-GNUC/BLOSC2/example
30: Test timeout computed to be: 600
9: -- COMMAND Result: 0
9: -- COMMAND Error: 
51: -- Require TEST_EXPECT to be defined
51: -- COMMAND:  /home/byrn/HDF_Projects/temp/HDF_Group/HDF5/1.14.4.2/bin/h5dump --enable-error-stack;-p;h5ex_d_bzip2.h5
60: -- Require TEST_EXPECT to be defined
60: -- COMMAND:  /home/byrn/HDF_Projects/temp/HDF_Group/HDF5/1.14.4.2/bin/h5dump --enable-error-stack;-p;h5ex_d_lz4.h5
66: -- Require TEST_EXPECT to be defined
66: -- COMMAND:  /home/byrn/HDF_Projects/temp/HDF_Group/HDF5/1.14.4.2/bin/h5dump --enable-error-stack;-p;h5ex_d_lzf.h5
3: -- Require TEST_EXPECT to be defined
3: -- COMMAND:  /home/byrn/HDF_Projects/temp/HDF_Group/HDF5/1.14.4.2/bin/h5dump --enable-error-stack;-p;h5ex_d_bshuf.h5
72: -- COMMAND Result: 0
51: -- COMMAND Result: 0
72: -- COMMAND Error: 
51: -- COMMAND Error: 
60: -- COMMAND Result: 0
60: -- COMMAND Error: 
9: -- COMPARE Result: 0
9: -- /home/byrn/HDF_Projects/temp/HDF_Group/HDF5/1.14.4.2/bin/h5dump Passed
30: -- Require TEST_EXPECT to be defined
30: -- COMMAND:  /home/byrn/HDF_Projects/temp/HDF_Group/HDF5/1.14.4.2/bin/h5dump --enable-error-stack;-p;h5ex_d_blosc2.h5
17/81 Test  #9: H5DUMP-h5ex_d_blosc .............................   Passed    0.02 sec
test 10
      Start 10: H5BLOSC_UD-ud_convert-clearall-objects

10: Test command: /usr/bin/cmake "-E" "remove" "out-ud_convert.h5repack_layout.h5" "ud_convert.h5repack_layout.h5.out" "ud_convert.h5repack_layout.h5.out.err" "h5repack_layout.h5-ud_convert.out" "h5repack_layout.h5-ud_convert.out.err"
10: Working Directory: /home/byrn/HDF_Projects/build/ci-StdShar-GNUC/BLOSC/example
10: Test timeout computed to be: 600
66: -- COMMAND Result: 0
66: -- COMMAND Error: 
3: -- COMMAND Result: 0
3: -- COMMAND Error: 
56: -- COMMAND Result: 0
56: -- COMMAND Error: 
30: -- COMMAND Result: 0
30: -- COMMAND Error: 
60: -- COMPARE Result: 0
51: -- COMPARE Result: 0
60: -- /home/byrn/HDF_Projects/temp/HDF_Group/HDF5/1.14.4.2/bin/h5dump Passed
51: -- /home/byrn/HDF_Projects/temp/HDF_Group/HDF5/1.14.4.2/bin/h5dump Passed
72: -- COMPARE Result: 0
18/81 Test #60: H5DUMP-h5ex_d_lz4 ...............................   Passed    0.02 sec
test 61
      Start 61: H5LZ4_UD-ud_convert-clearall-objects

61: Test command: /usr/bin/cmake "-E" "remove" "out-ud_convert.h5repack_layout.h5" "ud_convert.h5repack_layout.h5.out" "ud_convert.h5repack_layout.h5.out.err" "h5repack_layout.h5-ud_convert.out" "h5repack_layout.h5-ud_convert.out.err"
61: Working Directory: /home/byrn/HDF_Projects/build/ci-StdShar-GNUC/LZ4/example
61: Test timeout computed to be: 600
72: -- /home/byrn/HDF_Projects/temp/HDF_Group/HDF5/1.14.4.2/bin/h5dump Passed
3: -- COMPARE Result: 0
3: -- /home/byrn/HDF_Projects/temp/HDF_Group/HDF5/1.14.4.2/bin/h5dump Passed
19/81 Test #51: H5DUMP-h5ex_d_bzip2 .............................   Passed    0.03 sec
test 52
      Start 52: H5BZ2_UD-ud_convert-clearall-objects

52: Test command: /usr/bin/cmake "-E" "remove" "out-ud_convert.h5repack_layout.h5" "ud_convert.h5repack_layout.h5.out" "ud_convert.h5repack_layout.h5.out.err" "h5repack_layout.h5-ud_convert.out" "h5repack_layout.h5-ud_convert.out.err"
52: Working Directory: /home/byrn/HDF_Projects/build/ci-StdShar-GNUC/BZIP2/example
52: Test timeout computed to be: 600
20/81 Test #10: H5BLOSC_UD-ud_convert-clearall-objects ..........   Passed    0.01 sec
test 11
      Start 11: H5BLOSC_UD-ud_convert

11: Test command: /usr/bin/cmake "-D" "TEST_PROGRAM=/home/byrn/HDF_Projects/temp/HDF_Group/HDF5/1.14.4.2/bin/h5repack" "-D" "TEST_ARGS:STRING=-v;-f;UD=32001,0,0;/home/byrn/HDF_Projects/build/ci-StdShar-GNUC/BLOSC/example/h5repack_layout.h5;/home/byrn/HDF_Projects/build/ci-StdShar-GNUC/BLOSC/example/out-ud_convert.h5repack_layout.h5" "-D" "TEST_FOLDER=/home/byrn/HDF_Projects/build/ci-StdShar-GNUC/BLOSC/example" "-D" "TEST_EXPECT=0" "-D" "TEST_FILTER:STRING=O?...ing file[^
]+
" "-D" "TEST_OUTPUT=ud_convert.h5repack_layout.h5.out" "-D" "TEST_REFERENCE=ud_convert.h5repack_layout.h5.tst" "-D" "TEST_LIBRARY_DIRECTORY=/home/byrn/HDF_Projects/temp/HDF_Group/HDF5/1.14.4.2/lib" "-D" "TEST_ENV_VAR=HDF5_PLUGIN_PATH" "-D" "TEST_ENV_VALUE=/home/byrn/HDF_Projects/build/ci-StdShar-GNUC/plugins" "-P" "/home/byrn/HDF_Projects/hdf5_plugins/BLOSC/config/cmake/runTest.cmake"
11: Working Directory: /home/byrn/HDF_Projects/build/ci-StdShar-GNUC/BLOSC/example
11: Test timeout computed to be: 600
21/81 Test #72: H5DUMP-h5ex_d_zfp ...............................   Passed    0.03 sec
test 73
      Start 73: H5ZFP_UD-ud_convert-clearall-objects

73: Test command: /usr/bin/cmake "-E" "remove" "out-ud_convert.h5repack_layout.h5" "ud_convert.h5repack_layout.h5.out" "ud_convert.h5repack_layout.h5.out.err" "h5repack_layout.h5-ud_convert.out" "h5repack_layout.h5-ud_convert.out.err"
73: Working Directory: /home/byrn/HDF_Projects/build/ci-StdShar-GNUC/ZFP/example
73: Test timeout computed to be: 600
22/81 Test  #3: H5DUMP-h5ex_d_bshuf .............................   Passed    0.03 sec
test 4
      Start  4: H5BSHUF_UD-ud_convert-clearall-objects

4: Test command: /usr/bin/cmake "-E" "remove" "out-ud_convert.h5repack_layout.h5" "ud_convert.h5repack_layout.h5.out" "ud_convert.h5repack_layout.h5.out.err" "h5repack_layout.h5-ud_convert.out" "h5repack_layout.h5-ud_convert.out.err"
4: Working Directory: /home/byrn/HDF_Projects/build/ci-StdShar-GNUC/BSHUF/example
4: Test timeout computed to be: 600
66: -- COMPARE Result: 0
66: -- /home/byrn/HDF_Projects/temp/HDF_Group/HDF5/1.14.4.2/bin/h5dump Passed
23/81 Test #66: H5DUMP-h5ex_d_lzf ...............................   Passed    0.03 sec
test 67
      Start 67: H5LZF_UD-ud_convert-clearall-objects

67: Test command: /usr/bin/cmake "-E" "remove" "out-ud_convert.h5repack_layout.h5" "ud_convert.h5repack_layout.h5.out" "ud_convert.h5repack_layout.h5.out.err" "h5repack_layout.h5-ud_convert.out" "h5repack_layout.h5-ud_convert.out.err"
67: Working Directory: /home/byrn/HDF_Projects/build/ci-StdShar-GNUC/LZF/example
67: Test timeout computed to be: 600
56: -- COMPARE Result: 0
56: -- /home/byrn/HDF_Projects/build/ci-StdShar-GNUC/bin/h5ex_d_jpeg Passed
24/81 Test #56: h5ex_d_jpeg .....................................   Passed    0.04 sec
test 80
      Start 80: h5ex_d_zstd

80: Test command: /usr/bin/cmake "-D" "TEST_PROGRAM=/home/byrn/HDF_Projects/build/ci-StdShar-GNUC/bin/h5ex_d_zstd" "-D" "TEST_ARGS:STRING=" "-D" "TEST_FOLDER=/home/byrn/HDF_Projects/build/ci-StdShar-GNUC/ZSTD/example" "-D" "TEST_EXPECT=0" "-D" "TEST_OUTPUT=h5ex_d_zstd.out" "-D" "TEST_REFERENCE=h5ex_d_zstd.tst" "-D" "TEST_LIBRARY_DIRECTORY=/home/byrn/HDF_Projects/temp/HDF_Group/HDF5/1.14.4.2/lib" "-D" "TEST_ENV_VAR=HDF5_PLUGIN_PATH" "-D" "TEST_ENV_VALUE=/home/byrn/HDF_Projects/build/ci-StdShar-GNUC/plugins" "-P" "/home/byrn/HDF_Projects/hdf5_plugins/ZSTD/config/cmake/runTest.cmake"
80: Working Directory: /home/byrn/HDF_Projects/build/ci-StdShar-GNUC/ZSTD/example
80: Test timeout computed to be: 600
30: -- COMPARE Result: 0
30: -- /home/byrn/HDF_Projects/temp/HDF_Group/HDF5/1.14.4.2/bin/h5dump Passed
25/81 Test #30: H5DUMP-h5ex_d_blosc2 ............................   Passed    0.03 sec
test 31
      Start 31: H5BLOSC2_UD-ud_convert-clearall-objects

31: Test command: /usr/bin/cmake "-E" "remove" "out-ud_convert.h5repack_layout.h5" "ud_convert.h5repack_layout.h5.out" "ud_convert.h5repack_layout.h5.out.err" "h5repack_layout.h5-ud_convert.out" "h5repack_layout.h5-ud_convert.out.err"
31: Working Directory: /home/byrn/HDF_Projects/build/ci-StdShar-GNUC/BLOSC2/example
31: Test timeout computed to be: 600
26/81 Test #61: H5LZ4_UD-ud_convert-clearall-objects ............   Passed    0.01 sec
test 62
      Start 62: H5LZ4_UD-ud_convert

62: Test command: /usr/bin/cmake "-D" "TEST_PROGRAM=/home/byrn/HDF_Projects/temp/HDF_Group/HDF5/1.14.4.2/bin/h5repack" "-D" "TEST_ARGS:STRING=-v;-f;UD=32004,0,1,3;-l;CHUNK=4x8;/home/byrn/HDF_Projects/build/ci-StdShar-GNUC/LZ4/example/h5repack_layout.h5;/home/byrn/HDF_Projects/build/ci-StdShar-GNUC/LZ4/example/out-ud_convert.h5repack_layout.h5" "-D" "TEST_FOLDER=/home/byrn/HDF_Projects/build/ci-StdShar-GNUC/LZ4/example" "-D" "TEST_EXPECT=0" "-D" "TEST_FILTER:STRING=O?...ing file[^
]+
" "-D" "TEST_OUTPUT=ud_convert.h5repack_layout.h5.out" "-D" "TEST_REFERENCE=ud_convert.h5repack_layout.h5.tst" "-D" "TEST_LIBRARY_DIRECTORY=/home/byrn/HDF_Projects/temp/HDF_Group/HDF5/1.14.4.2/lib" "-D" "TEST_ENV_VAR=HDF5_PLUGIN_PATH" "-D" "TEST_ENV_VALUE=/home/byrn/HDF_Projects/build/ci-StdShar-GNUC/plugins" "-P" "/home/byrn/HDF_Projects/hdf5_plugins/LZ4/config/cmake/runTest.cmake"
62: Working Directory: /home/byrn/HDF_Projects/build/ci-StdShar-GNUC/LZ4/example
62: Test timeout computed to be: 600
27/81 Test #52: H5BZ2_UD-ud_convert-clearall-objects ............   Passed    0.01 sec
test 53
      Start 53: H5BZ2_UD-ud_convert

53: Test command: /usr/bin/cmake "-D" "TEST_PROGRAM=/home/byrn/HDF_Projects/temp/HDF_Group/HDF5/1.14.4.2/bin/h5repack" "-D" "TEST_ARGS:STRING=-v;-f;UD=307,0,1,9;/home/byrn/HDF_Projects/build/ci-StdShar-GNUC/BZIP2/example/h5repack_layout.h5;/home/byrn/HDF_Projects/build/ci-StdShar-GNUC/BZIP2/example/out-ud_convert.h5repack_layout.h5" "-D" "TEST_FOLDER=/home/byrn/HDF_Projects/build/ci-StdShar-GNUC/BZIP2/example" "-D" "TEST_EXPECT=0" "-D" "TEST_FILTER:STRING=O?...ing file[^
]+
" "-D" "TEST_OUTPUT=ud_convert.h5repack_layout.h5.out" "-D" "TEST_REFERENCE=ud_convert.h5repack_layout.h5.tst" "-D" "TEST_LIBRARY_DIRECTORY=/home/byrn/HDF_Projects/temp/HDF_Group/HDF5/1.14.4.2/lib" "-D" "TEST_ENV_VAR=HDF5_PLUGIN_PATH" "-D" "TEST_ENV_VALUE=/home/byrn/HDF_Projects/build/ci-StdShar-GNUC/plugins" "-P" "/home/byrn/HDF_Projects/hdf5_plugins/BZIP2/config/cmake/runTest.cmake"
53: Working Directory: /home/byrn/HDF_Projects/build/ci-StdShar-GNUC/BZIP2/example
53: Test timeout computed to be: 600
11: -- Require TEST_EXPECT to be defined
11: -- COMMAND:  /home/byrn/HDF_Projects/temp/HDF_Group/HDF5/1.14.4.2/bin/h5repack -v;-f;UD=32001,0,0;/home/byrn/HDF_Projects/build/ci-StdShar-GNUC/BLOSC/example/h5repack_layout.h5;/home/byrn/HDF_Projects/build/ci-StdShar-GNUC/BLOSC/example/out-ud_convert.h5repack_layout.h5
28/81 Test #73: H5ZFP_UD-ud_convert-clearall-objects ............   Passed    0.01 sec
test 74
      Start 74: H5ZFP_UD-ud_convert

74: Test command: /usr/bin/cmake "-D" "TEST_PROGRAM=/home/byrn/HDF_Projects/temp/HDF_Group/HDF5/1.14.4.2/bin/h5repack" "-D" "TEST_ARGS:STRING=-v;-f;UD=32013,1,0,0;-l;CHUNK=4x8;/home/byrn/HDF_Projects/build/ci-StdShar-GNUC/ZFP/example/h5repack_layout.h5;/home/byrn/HDF_Projects/build/ci-StdShar-GNUC/ZFP/example/out-ud_convert.h5repack_layout.h5" "-D" "TEST_FOLDER=/home/byrn/HDF_Projects/build/ci-StdShar-GNUC/ZFP/example" "-D" "TEST_EXPECT=0" "-D" "TEST_FILTER:STRING=O?...ing file[^
]+
" "-D" "TEST_OUTPUT=ud_convert.h5repack_layout.h5.out" "-D" "TEST_REFERENCE=ud_convert.h5repack_layout.h5.tst" "-D" "TEST_LIBRARY_DIRECTORY=/home/byrn/HDF_Projects/temp/HDF_Group/HDF5/1.14.4.2/lib" "-D" "TEST_ENV_VAR=HDF5_PLUGIN_PATH" "-D" "TEST_ENV_VALUE=/home/byrn/HDF_Projects/build/ci-StdShar-GNUC/plugins" "-P" "/home/byrn/HDF_Projects/hdf5_plugins/ZFP/config/cmake/runTest.cmake"
74: Working Directory: /home/byrn/HDF_Projects/build/ci-StdShar-GNUC/ZFP/example
74: Test timeout computed to be: 600
29/81 Test  #4: H5BSHUF_UD-ud_convert-clearall-objects ..........   Passed    0.01 sec
test 5
      Start  5: H5BSHUF_UD-ud_convert

5: Test command: /usr/bin/cmake "-D" "TEST_PROGRAM=/home/byrn/HDF_Projects/temp/HDF_Group/HDF5/1.14.4.2/bin/h5repack" "-D" "TEST_ARGS:STRING=-v;-f;UD=32008,1,3,0,0,0;-l;CHUNK=4x8;/home/byrn/HDF_Projects/build/ci-StdShar-GNUC/BSHUF/example/h5repack_layout.h5;/home/byrn/HDF_Projects/build/ci-StdShar-GNUC/BSHUF/example/out-ud_convert.h5repack_layout.h5" "-D" "TEST_FOLDER=/home/byrn/HDF_Projects/build/ci-StdShar-GNUC/BSHUF/example" "-D" "TEST_EXPECT=0" "-D" "TEST_FILTER:STRING=O?...ing file[^
]+
" "-D" "TEST_OUTPUT=ud_convert.h5repack_layout.h5.out" "-D" "TEST_REFERENCE=ud_convert.h5repack_layout.h5.tst" "-D" "TEST_LIBRARY_DIRECTORY=/home/byrn/HDF_Projects/temp/HDF_Group/HDF5/1.14.4.2/lib" "-D" "TEST_ENV_VAR=HDF5_PLUGIN_PATH" "-D" "TEST_ENV_VALUE=/home/byrn/HDF_Projects/build/ci-StdShar-GNUC/plugins" "-P" "/home/byrn/HDF_Projects/hdf5_plugins/BSHUF/config/cmake/runTest.cmake"
5: Working Directory: /home/byrn/HDF_Projects/build/ci-StdShar-GNUC/BSHUF/example
5: Test timeout computed to be: 600
30/81 Test #67: H5LZF_UD-ud_convert-clearall-objects ............   Passed    0.01 sec
test 68
      Start 68: H5LZF_UD-ud_convert

68: Test command: /usr/bin/cmake "-D" "TEST_PROGRAM=/home/byrn/HDF_Projects/temp/HDF_Group/HDF5/1.14.4.2/bin/h5repack" "-D" "TEST_ARGS:STRING=-v;-f;UD=32000,1,3,0,0,0;-l;CHUNK=4x8;/home/byrn/HDF_Projects/build/ci-StdShar-GNUC/LZF/example/h5repack_layout.h5;/home/byrn/HDF_Projects/build/ci-StdShar-GNUC/LZF/example/out-ud_convert.h5repack_layout.h5" "-D" "TEST_FOLDER=/home/byrn/HDF_Projects/build/ci-StdShar-GNUC/LZF/example" "-D" "TEST_EXPECT=0" "-D" "TEST_FILTER:STRING=O?...ing file[^
]+
" "-D" "TEST_OUTPUT=ud_convert.h5repack_layout.h5.out" "-D" "TEST_REFERENCE=ud_convert.h5repack_layout.h5.tst" "-D" "TEST_LIBRARY_DIRECTORY=/home/byrn/HDF_Projects/temp/HDF_Group/HDF5/1.14.4.2/lib" "-D" "TEST_ENV_VAR=HDF5_PLUGIN_PATH" "-D" "TEST_ENV_VALUE=/home/byrn/HDF_Projects/build/ci-StdShar-GNUC/plugins" "-P" "/home/byrn/HDF_Projects/hdf5_plugins/LZF/config/cmake/runTest.cmake"
68: Working Directory: /home/byrn/HDF_Projects/build/ci-StdShar-GNUC/LZF/example
68: Test timeout computed to be: 600
80: -- Require TEST_EXPECT to be defined
80: -- COMMAND:  /home/byrn/HDF_Projects/build/ci-StdShar-GNUC/bin/h5ex_d_zstd 
11: -- COMMAND Result: 0
11: -- COMMAND Error: 
31/81 Test #31: H5BLOSC2_UD-ud_convert-clearall-objects .........   Passed    0.01 sec
test 32
      Start 32: H5BLOSC2_UD-ud_convert

32: Test command: /usr/bin/cmake "-D" "TEST_PROGRAM=/home/byrn/HDF_Projects/temp/HDF_Group/HDF5/1.14.4.2/bin/h5repack" "-D" "TEST_ARGS:STRING=-v;-f;UD=32026,0,0;/home/byrn/HDF_Projects/build/ci-StdShar-GNUC/BLOSC2/example/h5repack_layout.h5;/home/byrn/HDF_Projects/build/ci-StdShar-GNUC/BLOSC2/example/out-ud_convert.h5repack_layout.h5" "-D" "TEST_FOLDER=/home/byrn/HDF_Projects/build/ci-StdShar-GNUC/BLOSC2/example" "-D" "TEST_EXPECT=0" "-D" "TEST_FILTER:STRING=O?...ing file[^
]+
" "-D" "TEST_OUTPUT=ud_convert.h5repack_layout.h5.out" "-D" "TEST_REFERENCE=ud_convert.h5repack_layout.h5.tst" "-D" "TEST_LIBRARY_DIRECTORY=/home/byrn/HDF_Projects/temp/HDF_Group/HDF5/1.14.4.2/lib" "-D" "TEST_ENV_VAR=HDF5_PLUGIN_PATH" "-D" "TEST_ENV_VALUE=/home/byrn/HDF_Projects/build/ci-StdShar-GNUC/plugins" "-P" "/home/byrn/HDF_Projects/hdf5_plugins/BLOSC2/config/cmake/runTest.cmake"
32: Working Directory: /home/byrn/HDF_Projects/build/ci-StdShar-GNUC/BLOSC2/example
32: Test timeout computed to be: 600
62: -- Require TEST_EXPECT to be defined
62: -- COMMAND:  /home/byrn/HDF_Projects/temp/HDF_Group/HDF5/1.14.4.2/bin/h5repack -v;-f;UD=32004,0,1,3;-l;CHUNK=4x8;/home/byrn/HDF_Projects/build/ci-StdShar-GNUC/LZ4/example/h5repack_layout.h5;/home/byrn/HDF_Projects/build/ci-StdShar-GNUC/LZ4/example/out-ud_convert.h5repack_layout.h5
53: -- Require TEST_EXPECT to be defined
53: -- COMMAND:  /home/byrn/HDF_Projects/temp/HDF_Group/HDF5/1.14.4.2/bin/h5repack -v;-f;UD=307,0,1,9;/home/byrn/HDF_Projects/build/ci-StdShar-GNUC/BZIP2/example/h5repack_layout.h5;/home/byrn/HDF_Projects/build/ci-StdShar-GNUC/BZIP2/example/out-ud_convert.h5repack_layout.h5
74: -- Require TEST_EXPECT to be defined
74: -- COMMAND:  /home/byrn/HDF_Projects/temp/HDF_Group/HDF5/1.14.4.2/bin/h5repack -v;-f;UD=32013,1,0,0;-l;CHUNK=4x8;/home/byrn/HDF_Projects/build/ci-StdShar-GNUC/ZFP/example/h5repack_layout.h5;/home/byrn/HDF_Projects/build/ci-StdShar-GNUC/ZFP/example/out-ud_convert.h5repack_layout.h5
5: -- Require TEST_EXPECT to be defined
5: -- COMMAND:  /home/byrn/HDF_Projects/temp/HDF_Group/HDF5/1.14.4.2/bin/h5repack -v;-f;UD=32008,1,3,0,0,0;-l;CHUNK=4x8;/home/byrn/HDF_Projects/build/ci-StdShar-GNUC/BSHUF/example/h5repack_layout.h5;/home/byrn/HDF_Projects/build/ci-StdShar-GNUC/BSHUF/example/out-ud_convert.h5repack_layout.h5
80: -- COMMAND Result: 0
80: -- COMMAND Error: 
11: -- COMPARE Result: 0
11: -- /home/byrn/HDF_Projects/temp/HDF_Group/HDF5/1.14.4.2/bin/h5repack Passed
68: -- Require TEST_EXPECT to be defined
68: -- COMMAND:  /home/byrn/HDF_Projects/temp/HDF_Group/HDF5/1.14.4.2/bin/h5repack -v;-f;UD=32000,1,3,0,0,0;-l;CHUNK=4x8;/home/byrn/HDF_Projects/build/ci-StdShar-GNUC/LZF/example/h5repack_layout.h5;/home/byrn/HDF_Projects/build/ci-StdShar-GNUC/LZF/example/out-ud_convert.h5repack_layout.h5
32/81 Test #11: H5BLOSC_UD-ud_convert ...........................   Passed    0.02 sec
test 12
      Start 12: H5BLOSC_UD-h5dump-ud_convert

12: Test command: /usr/bin/cmake "-D" "TEST_PROGRAM=/home/byrn/HDF_Projects/temp/HDF_Group/HDF5/1.14.4.2/bin/h5dump" "-D" "TEST_ARGS:STRING=-pH;out-ud_convert.h5repack_layout.h5" "-D" "TEST_FOLDER=/home/byrn/HDF_Projects/build/ci-StdShar-GNUC/BLOSC/example" "-D" "TEST_OUTPUT=h5repack_layout.h5-ud_convert.out" "-D" "TEST_EXPECT=0" "-D" "TEST_REFERENCE=h5repack_layout.h5-ud_convert.ddl" "-D" "TEST_LIBRARY_DIRECTORY=/home/byrn/HDF_Projects/temp/HDF_Group/HDF5/1.14.4.2/lib" "-D" "TEST_ENV_VAR=HDF5_PLUGIN_PATH" "-D" "TEST_ENV_VALUE=/home/byrn/HDF_Projects/build/ci-StdShar-GNUC/plugins" "-P" "/home/byrn/HDF_Projects/hdf5_plugins/BLOSC/config/cmake/runTest.cmake"
12: Working Directory: /home/byrn/HDF_Projects/build/ci-StdShar-GNUC/BLOSC/example
12: Test timeout computed to be: 600
62: -- COMMAND Result: 0
62: -- COMMAND Error: 
32: -- Require TEST_EXPECT to be defined
32: -- COMMAND:  /home/byrn/HDF_Projects/temp/HDF_Group/HDF5/1.14.4.2/bin/h5repack -v;-f;UD=32026,0,0;/home/byrn/HDF_Projects/build/ci-StdShar-GNUC/BLOSC2/example/h5repack_layout.h5;/home/byrn/HDF_Projects/build/ci-StdShar-GNUC/BLOSC2/example/out-ud_convert.h5repack_layout.h5
53: -- COMMAND Result: 0
53: -- COMMAND Error: 
5: -- COMMAND Result: 0
5: -- COMMAND Error: 
74: -- COMMAND Result: 0
74: -- COMMAND Error: 
80: -- COMPARE Result: 0
80: -- /home/byrn/HDF_Projects/build/ci-StdShar-GNUC/bin/h5ex_d_zstd Passed
68: -- COMMAND Result: 0
33/81 Test #80: h5ex_d_zstd .....................................   Passed    0.03 sec
test 57
      Start 57: H5DUMP-h5ex_d_jpeg

57: Test command: /usr/bin/cmake "-D" "TEST_PROGRAM=/home/byrn/HDF_Projects/temp/HDF_Group/HDF5/1.14.4.2/bin/h5dump" "-D" "TEST_ARGS:STRING=--enable-error-stack;-p;h5ex_d_jpeg.h5" "-D" "TEST_FOLDER=/home/byrn/HDF_Projects/build/ci-StdShar-GNUC/JPEG/example" "-D" "TEST_OUTPUT=h5ex_d_jpeg.ddl.out" "-D" "TEST_EXPECT=0" "-D" "TEST_REFERENCE=h5ex_d_jpeg.ddl" "-D" "TEST_LIBRARY_DIRECTORY=/home/byrn/HDF_Projects/temp/HDF_Group/HDF5/1.14.4.2/lib" "-D" "TEST_ENV_VAR=HDF5_PLUGIN_PATH" "-D" "TEST_ENV_VALUE=/home/byrn/HDF_Projects/build/ci-StdShar-GNUC/plugins" "-P" "/home/byrn/HDF_Projects/hdf5_plugins/JPEG/config/cmake/runTest.cmake"
57: Working Directory: /home/byrn/HDF_Projects/build/ci-StdShar-GNUC/JPEG/example
57: Test timeout computed to be: 600
68: -- COMMAND Error: 
62: -- COMPARE Result: 0
62: -- /home/byrn/HDF_Projects/temp/HDF_Group/HDF5/1.14.4.2/bin/h5repack Passed
12: -- Require TEST_EXPECT to be defined
12: -- COMMAND:  /home/byrn/HDF_Projects/temp/HDF_Group/HDF5/1.14.4.2/bin/h5dump -pH;out-ud_convert.h5repack_layout.h5
32: -- COMMAND Result: 0
32: -- COMMAND Error: 
34/81 Test #62: H5LZ4_UD-ud_convert .............................   Passed    0.03 sec
test 81
      Start 81: H5DUMP-h5ex_d_zstd

81: Test command: /usr/bin/cmake "-D" "TEST_PROGRAM=/home/byrn/HDF_Projects/temp/HDF_Group/HDF5/1.14.4.2/bin/h5dump" "-D" "TEST_ARGS:STRING=--enable-error-stack;-p;h5ex_d_zstd.h5" "-D" "TEST_FOLDER=/home/byrn/HDF_Projects/build/ci-StdShar-GNUC/ZSTD/example" "-D" "TEST_OUTPUT=h5ex_d_zstd.ddl.out" "-D" "TEST_EXPECT=0" "-D" "TEST_REFERENCE=h5ex_d_zstd.ddl" "-D" "TEST_LIBRARY_DIRECTORY=/home/byrn/HDF_Projects/temp/HDF_Group/HDF5/1.14.4.2/lib" "-D" "TEST_ENV_VAR=HDF5_PLUGIN_PATH" "-D" "TEST_ENV_VALUE=/home/byrn/HDF_Projects/build/ci-StdShar-GNUC/plugins" "-P" "/home/byrn/HDF_Projects/hdf5_plugins/ZSTD/config/cmake/runTest.cmake"
81: Working Directory: /home/byrn/HDF_Projects/build/ci-StdShar-GNUC/ZSTD/example
81: Test timeout computed to be: 600
53: -- COMPARE Result: 0
53: -- /home/byrn/HDF_Projects/temp/HDF_Group/HDF5/1.14.4.2/bin/h5repack Passed
35/81 Test #53: H5BZ2_UD-ud_convert .............................   Passed    0.03 sec
test 54
      Start 54: H5BZ2_UD-h5dump-ud_convert

54: Test command: /usr/bin/cmake "-D" "TEST_PROGRAM=/home/byrn/HDF_Projects/temp/HDF_Group/HDF5/1.14.4.2/bin/h5dump" "-D" "TEST_ARGS:STRING=-pH;out-ud_convert.h5repack_layout.h5" "-D" "TEST_FOLDER=/home/byrn/HDF_Projects/build/ci-StdShar-GNUC/BZIP2/example" "-D" "TEST_OUTPUT=h5repack_layout.h5-ud_convert.out" "-D" "TEST_EXPECT=0" "-D" "TEST_REFERENCE=h5repack_layout.h5-ud_convert.ddl" "-D" "TEST_LIBRARY_DIRECTORY=/home/byrn/HDF_Projects/temp/HDF_Group/HDF5/1.14.4.2/lib" "-D" "TEST_ENV_VAR=HDF5_PLUGIN_PATH" "-D" "TEST_ENV_VALUE=/home/byrn/HDF_Projects/build/ci-StdShar-GNUC/plugins" "-P" "/home/byrn/HDF_Projects/hdf5_plugins/BZIP2/config/cmake/runTest.cmake"
54: Working Directory: /home/byrn/HDF_Projects/build/ci-StdShar-GNUC/BZIP2/example
54: Test timeout computed to be: 600
74: -- COMPARE Result: 0
74: -- /home/byrn/HDF_Projects/temp/HDF_Group/HDF5/1.14.4.2/bin/h5repack Passed
36/81 Test #74: H5ZFP_UD-ud_convert .............................   Passed    0.03 sec
test 75
      Start 75: H5ZFP_UD-h5dump-ud_convert

75: Test command: /usr/bin/cmake "-D" "TEST_PROGRAM=/home/byrn/HDF_Projects/temp/HDF_Group/HDF5/1.14.4.2/bin/h5dump" "-D" "TEST_ARGS:STRING=-pH;out-ud_convert.h5repack_layout.h5" "-D" "TEST_FOLDER=/home/byrn/HDF_Projects/build/ci-StdShar-GNUC/ZFP/example" "-D" "TEST_OUTPUT=h5repack_layout.h5-ud_convert.out" "-D" "TEST_EXPECT=0" "-D" "TEST_REFERENCE=h5repack_layout.h5-ud_convert.ddl" "-D" "TEST_FILTER:STRING=PARAMS {[ -0-9]*}" "-D" "TEST_FILTER_REPLACE:STRING=PARAMS { XXXX }" "-D" "TEST_LIBRARY_DIRECTORY=/home/byrn/HDF_Projects/temp/HDF_Group/HDF5/1.14.4.2/lib" "-D" "TEST_ENV_VAR=HDF5_PLUGIN_PATH" "-D" "TEST_ENV_VALUE=/home/byrn/HDF_Projects/build/ci-StdShar-GNUC/plugins" "-P" "/home/byrn/HDF_Projects/hdf5_plugins/ZFP/config/cmake/runTest.cmake"
75: Working Directory: /home/byrn/HDF_Projects/build/ci-StdShar-GNUC/ZFP/example
75: Test timeout computed to be: 600
12: -- COMMAND Result: 0
12: -- COMMAND Error: 
5: -- COMPARE Result: 0
5: -- /home/byrn/HDF_Projects/temp/HDF_Group/HDF5/1.14.4.2/bin/h5repack Passed
37/81 Test  #5: H5BSHUF_UD-ud_convert ...........................   Passed    0.03 sec
test 63
      Start 63: H5LZ4_UD-h5dump-ud_convert

63: Test command: /usr/bin/cmake "-D" "TEST_PROGRAM=/home/byrn/HDF_Projects/temp/HDF_Group/HDF5/1.14.4.2/bin/h5dump" "-D" "TEST_ARGS:STRING=-pH;out-ud_convert.h5repack_layout.h5" "-D" "TEST_FOLDER=/home/byrn/HDF_Projects/build/ci-StdShar-GNUC/LZ4/example" "-D" "TEST_OUTPUT=h5repack_layout.h5-ud_convert.out" "-D" "TEST_EXPECT=0" "-D" "TEST_REFERENCE=h5repack_layout.h5-ud_convert.ddl" "-D" "TEST_LIBRARY_DIRECTORY=/home/byrn/HDF_Projects/temp/HDF_Group/HDF5/1.14.4.2/lib" "-D" "TEST_ENV_VAR=HDF5_PLUGIN_PATH" "-D" "TEST_ENV_VALUE=/home/byrn/HDF_Projects/build/ci-StdShar-GNUC/plugins" "-P" "/home/byrn/HDF_Projects/hdf5_plugins/LZ4/config/cmake/runTest.cmake"
63: Working Directory: /home/byrn/HDF_Projects/build/ci-StdShar-GNUC/LZ4/example
63: Test timeout computed to be: 600
57: -- Require TEST_EXPECT to be defined
57: -- COMMAND:  /home/byrn/HDF_Projects/temp/HDF_Group/HDF5/1.14.4.2/bin/h5dump --enable-error-stack;-p;h5ex_d_jpeg.h5
68: -- COMPARE Result: 0
68: -- /home/byrn/HDF_Projects/temp/HDF_Group/HDF5/1.14.4.2/bin/h5repack Passed
38/81 Test #68: H5LZF_UD-ud_convert .............................   Passed    0.03 sec
test 6
      Start  6: H5BSHUF_UD-h5dump-ud_convert

6: Test command: /usr/bin/cmake "-D" "TEST_PROGRAM=/home/byrn/HDF_Projects/temp/HDF_Group/HDF5/1.14.4.2/bin/h5dump" "-D" "TEST_ARGS:STRING=-pH;out-ud_convert.h5repack_layout.h5" "-D" "TEST_FOLDER=/home/byrn/HDF_Projects/build/ci-StdShar-GNUC/BSHUF/example" "-D" "TEST_OUTPUT=h5repack_layout.h5-ud_convert.out" "-D" "TEST_EXPECT=0" "-D" "TEST_REFERENCE=h5repack_layout.h5-ud_convert.ddl" "-D" "TEST_LIBRARY_DIRECTORY=/home/byrn/HDF_Projects/temp/HDF_Group/HDF5/1.14.4.2/lib" "-D" "TEST_ENV_VAR=HDF5_PLUGIN_PATH" "-D" "TEST_ENV_VALUE=/home/byrn/HDF_Projects/build/ci-StdShar-GNUC/plugins" "-P" "/home/byrn/HDF_Projects/hdf5_plugins/BSHUF/config/cmake/runTest.cmake"
6: Working Directory: /home/byrn/HDF_Projects/build/ci-StdShar-GNUC/BSHUF/example
6: Test timeout computed to be: 600
32: -- COMPARE Result: 0
32: -- /home/byrn/HDF_Projects/temp/HDF_Group/HDF5/1.14.4.2/bin/h5repack Passed
81: -- Require TEST_EXPECT to be defined
81: -- COMMAND:  /home/byrn/HDF_Projects/temp/HDF_Group/HDF5/1.14.4.2/bin/h5dump --enable-error-stack;-p;h5ex_d_zstd.h5
54: -- Require TEST_EXPECT to be defined
54: -- COMMAND:  /home/byrn/HDF_Projects/temp/HDF_Group/HDF5/1.14.4.2/bin/h5dump -pH;out-ud_convert.h5repack_layout.h5
39/81 Test #32: H5BLOSC2_UD-ud_convert ..........................   Passed    0.03 sec
test 33
      Start 33: H5BLOSC2_UD-h5dump-ud_convert

33: Test command: /usr/bin/cmake "-D" "TEST_PROGRAM=/home/byrn/HDF_Projects/temp/HDF_Group/HDF5/1.14.4.2/bin/h5dump" "-D" "TEST_ARGS:STRING=-pH;out-ud_convert.h5repack_layout.h5" "-D" "TEST_FOLDER=/home/byrn/HDF_Projects/build/ci-StdShar-GNUC/BLOSC2/example" "-D" "TEST_OUTPUT=h5repack_layout.h5-ud_convert.out" "-D" "TEST_EXPECT=0" "-D" "TEST_REFERENCE=h5repack_layout.h5-ud_convert.ddl" "-D" "TEST_LIBRARY_DIRECTORY=/home/byrn/HDF_Projects/temp/HDF_Group/HDF5/1.14.4.2/lib" "-D" "TEST_ENV_VAR=HDF5_PLUGIN_PATH" "-D" "TEST_ENV_VALUE=/home/byrn/HDF_Projects/build/ci-StdShar-GNUC/plugins" "-P" "/home/byrn/HDF_Projects/hdf5_plugins/BLOSC2/config/cmake/runTest.cmake"
33: Working Directory: /home/byrn/HDF_Projects/build/ci-StdShar-GNUC/BLOSC2/example
33: Test timeout computed to be: 600
75: -- Require TEST_EXPECT to be defined
75: -- COMMAND:  /home/byrn/HDF_Projects/temp/HDF_Group/HDF5/1.14.4.2/bin/h5dump -pH;out-ud_convert.h5repack_layout.h5
63: -- Require TEST_EXPECT to be defined
63: -- COMMAND:  /home/byrn/HDF_Projects/temp/HDF_Group/HDF5/1.14.4.2/bin/h5dump -pH;out-ud_convert.h5repack_layout.h5
54: -- COMMAND Result: 0
54: -- COMMAND Error: 
75: -- COMMAND Result: 0
75: -- COMMAND Error: 
12: -- COMPARE Result: 0
12: -- /home/byrn/HDF_Projects/temp/HDF_Group/HDF5/1.14.4.2/bin/h5dump Passed
6: -- Require TEST_EXPECT to be defined
6: -- COMMAND:  /home/byrn/HDF_Projects/temp/HDF_Group/HDF5/1.14.4.2/bin/h5dump -pH;out-ud_convert.h5repack_layout.h5
40/81 Test #12: H5BLOSC_UD-h5dump-ud_convert ....................   Passed    0.03 sec
test 13
      Start 13: H5BLOSC_UD-ud_convert_lz-clearall-objects

13: Test command: /usr/bin/cmake "-E" "remove" "out-ud_convert_lz.h5repack_layout.h5" "ud_convert_lz.h5repack_layout.h5.out" "ud_convert_lz.h5repack_layout.h5.out.err" "h5repack_layout.h5-ud_convert_lz.out" "h5repack_layout.h5-ud_convert_lz.out.err"
13: Working Directory: /home/byrn/HDF_Projects/build/ci-StdShar-GNUC/BLOSC/example
13: Test timeout computed to be: 600
63: -- COMMAND Result: 0
63: -- COMMAND Error: 
33: -- Require TEST_EXPECT to be defined
33: -- COMMAND:  /home/byrn/HDF_Projects/temp/HDF_Group/HDF5/1.14.4.2/bin/h5dump -pH;out-ud_convert.h5repack_layout.h5
6: -- COMMAND Result: 0
6: -- COMMAND Error: 
33: -- COMMAND Result: 0
75: -- COMPARE Result: 0
33: -- COMMAND Error: 
75: -- /home/byrn/HDF_Projects/temp/HDF_Group/HDF5/1.14.4.2/bin/h5dump Passed
54: -- COMPARE Result: 0
54: -- /home/byrn/HDF_Projects/temp/HDF_Group/HDF5/1.14.4.2/bin/h5dump Passed
41/81 Test #75: H5ZFP_UD-h5dump-ud_convert ......................   Passed    0.02 sec
test 76
      Start 76: H5ZFP_UD-ud_mesh_convert-clearall-objects

76: Test command: /usr/bin/cmake "-E" "remove" "out-ud_mesh_convert.mesh.h5" "ud_mesh_convert.mesh.h5.out" "ud_mesh_convert.mesh.h5.out.err" "mesh.h5-ud_mesh_convert.out" "mesh.h5-ud_mesh_convert.out.err"
76: Working Directory: /home/byrn/HDF_Projects/build/ci-StdShar-GNUC/ZFP/example
76: Test timeout computed to be: 600
63: -- COMPARE Result: 0
63: -- /home/byrn/HDF_Projects/temp/HDF_Group/HDF5/1.14.4.2/bin/h5dump Passed
42/81 Test #54: H5BZ2_UD-h5dump-ud_convert ......................   Passed    0.03 sec
test 69
      Start 69: H5LZF_UD-h5dump-ud_convert

69: Test command: /usr/bin/cmake "-D" "TEST_PROGRAM=/home/byrn/HDF_Projects/temp/HDF_Group/HDF5/1.14.4.2/bin/h5dump" "-D" "TEST_ARGS:STRING=-pH;out-ud_convert.h5repack_layout.h5" "-D" "TEST_FOLDER=/home/byrn/HDF_Projects/build/ci-StdShar-GNUC/LZF/example" "-D" "TEST_OUTPUT=h5repack_layout.h5-ud_convert.out" "-D" "TEST_EXPECT=0" "-D" "TEST_REFERENCE=h5repack_layout.h5-ud_convert.ddl" "-D" "TEST_LIBRARY_DIRECTORY=/home/byrn/HDF_Projects/temp/HDF_Group/HDF5/1.14.4.2/lib" "-D" "TEST_ENV_VAR=HDF5_PLUGIN_PATH" "-D" "TEST_ENV_VALUE=/home/byrn/HDF_Projects/build/ci-StdShar-GNUC/plugins" "-P" "/home/byrn/HDF_Projects/hdf5_plugins/LZF/config/cmake/runTest.cmake"
69: Working Directory: /home/byrn/HDF_Projects/build/ci-StdShar-GNUC/LZF/example
69: Test timeout computed to be: 600
43/81 Test #63: H5LZ4_UD-h5dump-ud_convert ......................   Passed    0.02 sec
44/81 Test #13: H5BLOSC_UD-ud_convert_lz-clearall-objects .......   Passed    0.01 sec
test 14
      Start 14: H5BLOSC_UD-ud_convert_lz

14: Test command: /usr/bin/cmake "-D" "TEST_PROGRAM=/home/byrn/HDF_Projects/temp/HDF_Group/HDF5/1.14.4.2/bin/h5repack" "-D" "TEST_ARGS:STRING=-v;-f;UD=32001,0,7,0,0,0,0,5,1,0;/home/byrn/HDF_Projects/build/ci-StdShar-GNUC/BLOSC/example/h5repack_layout.h5;/home/byrn/HDF_Projects/build/ci-StdShar-GNUC/BLOSC/example/out-ud_convert_lz.h5repack_layout.h5" "-D" "TEST_FOLDER=/home/byrn/HDF_Projects/build/ci-StdShar-GNUC/BLOSC/example" "-D" "TEST_EXPECT=0" "-D" "TEST_FILTER:STRING=O?...ing file[^
]+
" "-D" "TEST_OUTPUT=ud_convert_lz.h5repack_layout.h5.out" "-D" "TEST_REFERENCE=ud_convert_lz.h5repack_layout.h5.tst" "-D" "TEST_LIBRARY_DIRECTORY=/home/byrn/HDF_Projects/temp/HDF_Group/HDF5/1.14.4.2/lib" "-D" "TEST_ENV_VAR=HDF5_PLUGIN_PATH" "-D" "TEST_ENV_VALUE=/home/byrn/HDF_Projects/build/ci-StdShar-GNUC/plugins" "-P" "/home/byrn/HDF_Projects/hdf5_plugins/BLOSC/config/cmake/runTest.cmake"
14: Working Directory: /home/byrn/HDF_Projects/build/ci-StdShar-GNUC/BLOSC/example
14: Test timeout computed to be: 600
6: -- COMPARE Result: 0
6: -- /home/byrn/HDF_Projects/temp/HDF_Group/HDF5/1.14.4.2/bin/h5dump Passed
33: -- COMPARE Result: 0
33: -- /home/byrn/HDF_Projects/temp/HDF_Group/HDF5/1.14.4.2/bin/h5dump Passed
45/81 Test  #6: H5BSHUF_UD-h5dump-ud_convert ....................   Passed    0.03 sec
46/81 Test #33: H5BLOSC2_UD-h5dump-ud_convert ...................   Passed    0.02 sec
test 34
      Start 34: H5BLOSC2_UD-ud_convert_lz-clearall-objects

34: Test command: /usr/bin/cmake "-E" "remove" "out-ud_convert_lz.h5repack_layout.h5" "ud_convert_lz.h5repack_layout.h5.out" "ud_convert_lz.h5repack_layout.h5.out.err" "h5repack_layout.h5-ud_convert_lz.out" "h5repack_layout.h5-ud_convert_lz.out.err"
34: Working Directory: /home/byrn/HDF_Projects/build/ci-StdShar-GNUC/BLOSC2/example
34: Test timeout computed to be: 600
47/81 Test #76: H5ZFP_UD-ud_mesh_convert-clearall-objects .......   Passed    0.01 sec
test 77
      Start 77: H5ZFP_UD-ud_mesh_convert

77: Test command: /usr/bin/cmake "-D" "TEST_PROGRAM=/home/byrn/HDF_Projects/temp/HDF_Group/HDF5/1.14.4.2/bin/h5repack" "-D" "TEST_ARGS:STRING=--enable-error-stack;-v;-f;UD=32013,0,6,3,0,3539053052,1062232653,0,0;-l;X,Y,Z,Indexes:CHUNK=217;-l;Indexes2:CHUNK=1517;-l;Pressure,Pressure2,Pressure3:CHUNK=10x20x5;-l;Pressure_2D:CHUNK=10x20;-l;Stress,Velocity,Stress2,Velocity2,Stress3,Velocity3:CHUNK=11x21x1x1;-l;VelocityZ,VelocityZ2,VelocityZ3:CHUNK=11x21x1;-l;XY:CHUNK=651x1;-l;XYZ:CHUNK=217x1;-l;XYZ2:CHUNK=1617x1;-l;XYZ3:CHUNK=33x1;/home/byrn/HDF_Projects/build/ci-StdShar-GNUC/ZFP/example/mesh.h5;/home/byrn/HDF_Projects/build/ci-StdShar-GNUC/ZFP/example/out-ud_mesh_convert.mesh.h5" "-D" "TEST_FOLDER=/home/byrn/HDF_Projects/build/ci-StdShar-GNUC/ZFP/example" "-D" "TEST_EXPECT=0" "-D" "TEST_MASK_ERROR=true" "-D" "TEST_SKIP_COMPARE=1" "-D" "TEST_ERRREF=ud_mesh_convert.mesh.h5.err" "-D" "TEST_FILTER:STRING=O?...ing file[^
]+
" "-D" "TEST_OUTPUT=ud_mesh_convert.mesh.h5.out" "-D" "TEST_REFERENCE=ud_mesh_convert.mesh.h5.tst" "-D" "GREP_ERRREF=requires datatype size of 4 or 8" "-D" "TEST_LIBRARY_DIRECTORY=/home/byrn/HDF_Projects/temp/HDF_Group/HDF5/1.14.4.2/lib" "-D" "TEST_ENV_VAR=HDF5_PLUGIN_PATH" "-D" "TEST_ENV_VALUE=/home/byrn/HDF_Projects/build/ci-StdShar-GNUC/plugins" "-P" "/home/byrn/HDF_Projects/hdf5_plugins/ZFP/config/cmake/runTest.cmake"
77: Working Directory: /home/byrn/HDF_Projects/build/ci-StdShar-GNUC/ZFP/example
77: Test timeout computed to be: 600
69: -- Require TEST_EXPECT to be defined
69: -- COMMAND:  /home/byrn/HDF_Projects/temp/HDF_Group/HDF5/1.14.4.2/bin/h5dump -pH;out-ud_convert.h5repack_layout.h5
14: -- Require TEST_EXPECT to be defined
14: -- COMMAND:  /home/byrn/HDF_Projects/temp/HDF_Group/HDF5/1.14.4.2/bin/h5repack -v;-f;UD=32001,0,7,0,0,0,0,5,1,0;/home/byrn/HDF_Projects/build/ci-StdShar-GNUC/BLOSC/example/h5repack_layout.h5;/home/byrn/HDF_Projects/build/ci-StdShar-GNUC/BLOSC/example/out-ud_convert_lz.h5repack_layout.h5
69: -- COMMAND Result: 0
69: -- COMMAND Error: 
48/81 Test #34: H5BLOSC2_UD-ud_convert_lz-clearall-objects ......   Passed    0.01 sec
test 35
      Start 35: H5BLOSC2_UD-ud_convert_lz

35: Test command: /usr/bin/cmake "-D" "TEST_PROGRAM=/home/byrn/HDF_Projects/temp/HDF_Group/HDF5/1.14.4.2/bin/h5repack" "-D" "TEST_ARGS:STRING=-v;-f;UD=32026,0,7,0,0,0,0,5,1,0;/home/byrn/HDF_Projects/build/ci-StdShar-GNUC/BLOSC2/example/h5repack_layout.h5;/home/byrn/HDF_Projects/build/ci-StdShar-GNUC/BLOSC2/example/out-ud_convert_lz.h5repack_layout.h5" "-D" "TEST_FOLDER=/home/byrn/HDF_Projects/build/ci-StdShar-GNUC/BLOSC2/example" "-D" "TEST_EXPECT=0" "-D" "TEST_FILTER:STRING=O?...ing file[^
]+
" "-D" "TEST_OUTPUT=ud_convert_lz.h5repack_layout.h5.out" "-D" "TEST_REFERENCE=ud_convert_lz.h5repack_layout.h5.tst" "-D" "TEST_LIBRARY_DIRECTORY=/home/byrn/HDF_Projects/temp/HDF_Group/HDF5/1.14.4.2/lib" "-D" "TEST_ENV_VAR=HDF5_PLUGIN_PATH" "-D" "TEST_ENV_VALUE=/home/byrn/HDF_Projects/build/ci-StdShar-GNUC/plugins" "-P" "/home/byrn/HDF_Projects/hdf5_plugins/BLOSC2/config/cmake/runTest.cmake"
35: Working Directory: /home/byrn/HDF_Projects/build/ci-StdShar-GNUC/BLOSC2/example
35: Test timeout computed to be: 600
77: -- Require TEST_EXPECT to be defined
77: -- COMMAND:  /home/byrn/HDF_Projects/temp/HDF_Group/HDF5/1.14.4.2/bin/h5repack --enable-error-stack;-v;-f;UD=32013,0,6,3,0,3539053052,1062232653,0,0;-l;X,Y,Z,Indexes:CHUNK=217;-l;Indexes2:CHUNK=1517;-l;Pressure,Pressure2,Pressure3:CHUNK=10x20x5;-l;Pressure_2D:CHUNK=10x20;-l;Stress,Velocity,Stress2,Velocity2,Stress3,Velocity3:CHUNK=11x21x1x1;-l;VelocityZ,VelocityZ2,VelocityZ3:CHUNK=11x21x1;-l;XY:CHUNK=651x1;-l;XYZ:CHUNK=217x1;-l;XYZ2:CHUNK=1617x1;-l;XYZ3:CHUNK=33x1;/home/byrn/HDF_Projects/build/ci-StdShar-GNUC/ZFP/example/mesh.h5;/home/byrn/HDF_Projects/build/ci-StdShar-GNUC/ZFP/example/out-ud_mesh_convert.mesh.h5
14: -- COMMAND Result: 0
14: -- COMMAND Error: 
69: -- COMPARE Result: 0
69: -- /home/byrn/HDF_Projects/temp/HDF_Group/HDF5/1.14.4.2/bin/h5dump Passed
49/81 Test #69: H5LZF_UD-h5dump-ud_convert ......................   Passed    0.02 sec
35: -- Require TEST_EXPECT to be defined
35: -- COMMAND:  /home/byrn/HDF_Projects/temp/HDF_Group/HDF5/1.14.4.2/bin/h5repack -v;-f;UD=32026,0,7,0,0,0,0,5,1,0;/home/byrn/HDF_Projects/build/ci-StdShar-GNUC/BLOSC2/example/h5repack_layout.h5;/home/byrn/HDF_Projects/build/ci-StdShar-GNUC/BLOSC2/example/out-ud_convert_lz.h5repack_layout.h5
14: -- COMPARE Result: 0
14: -- /home/byrn/HDF_Projects/temp/HDF_Group/HDF5/1.14.4.2/bin/h5repack Passed
50/81 Test #14: H5BLOSC_UD-ud_convert_lz ........................   Passed    0.02 sec
test 15
      Start 15: H5BLOSC_UD-h5dump-ud_convert_lz

15: Test command: /usr/bin/cmake "-D" "TEST_PROGRAM=/home/byrn/HDF_Projects/temp/HDF_Group/HDF5/1.14.4.2/bin/h5dump" "-D" "TEST_ARGS:STRING=-pH;out-ud_convert_lz.h5repack_layout.h5" "-D" "TEST_FOLDER=/home/byrn/HDF_Projects/build/ci-StdShar-GNUC/BLOSC/example" "-D" "TEST_OUTPUT=h5repack_layout.h5-ud_convert_lz.out" "-D" "TEST_EXPECT=0" "-D" "TEST_REFERENCE=h5repack_layout.h5-ud_convert_lz.ddl" "-D" "TEST_LIBRARY_DIRECTORY=/home/byrn/HDF_Projects/temp/HDF_Group/HDF5/1.14.4.2/lib" "-D" "TEST_ENV_VAR=HDF5_PLUGIN_PATH" "-D" "TEST_ENV_VALUE=/home/byrn/HDF_Projects/build/ci-StdShar-GNUC/plugins" "-P" "/home/byrn/HDF_Projects/hdf5_plugins/BLOSC/config/cmake/runTest.cmake"
15: Working Directory: /home/byrn/HDF_Projects/build/ci-StdShar-GNUC/BLOSC/example
15: Test timeout computed to be: 600
35: -- COMMAND Result: 0
35: -- COMMAND Error: 
15: -- Require TEST_EXPECT to be defined
15: -- COMMAND:  /home/byrn/HDF_Projects/temp/HDF_Group/HDF5/1.14.4.2/bin/h5dump -pH;out-ud_convert_lz.h5repack_layout.h5
15: -- COMMAND Result: 0
15: -- COMMAND Error: 
35: -- COMPARE Result: 0
35: -- /home/byrn/HDF_Projects/temp/HDF_Group/HDF5/1.14.4.2/bin/h5repack Passed
51/81 Test #35: H5BLOSC2_UD-ud_convert_lz .......................   Passed    0.03 sec
test 36
      Start 36: H5BLOSC2_UD-h5dump-ud_convert_lz

36: Test command: /usr/bin/cmake "-D" "TEST_PROGRAM=/home/byrn/HDF_Projects/temp/HDF_Group/HDF5/1.14.4.2/bin/h5dump" "-D" "TEST_ARGS:STRING=-pH;out-ud_convert_lz.h5repack_layout.h5" "-D" "TEST_FOLDER=/home/byrn/HDF_Projects/build/ci-StdShar-GNUC/BLOSC2/example" "-D" "TEST_OUTPUT=h5repack_layout.h5-ud_convert_lz.out" "-D" "TEST_EXPECT=0" "-D" "TEST_REFERENCE=h5repack_layout.h5-ud_convert_lz.ddl" "-D" "TEST_LIBRARY_DIRECTORY=/home/byrn/HDF_Projects/temp/HDF_Group/HDF5/1.14.4.2/lib" "-D" "TEST_ENV_VAR=HDF5_PLUGIN_PATH" "-D" "TEST_ENV_VALUE=/home/byrn/HDF_Projects/build/ci-StdShar-GNUC/plugins" "-P" "/home/byrn/HDF_Projects/hdf5_plugins/BLOSC2/config/cmake/runTest.cmake"
36: Working Directory: /home/byrn/HDF_Projects/build/ci-StdShar-GNUC/BLOSC2/example
36: Test timeout computed to be: 600
77: -- COMMAND Result: 0
77: -- COMMAND Error: 
15: -- COMPARE Result: 0
15: -- /home/byrn/HDF_Projects/temp/HDF_Group/HDF5/1.14.4.2/bin/h5dump Passed
52/81 Test #15: H5BLOSC_UD-h5dump-ud_convert_lz .................   Passed    0.02 sec
test 16
      Start 16: H5BLOSC_UD-ud_convert_lz4-clearall-objects

16: Test command: /usr/bin/cmake "-E" "remove" "out-ud_convert_lz4.h5repack_layout.h5" "ud_convert_lz4.h5repack_layout.h5.out" "ud_convert_lz4.h5repack_layout.h5.out.err" "h5repack_layout.h5-ud_convert_lz4.out" "h5repack_layout.h5-ud_convert_lz4.out.err"
16: Working Directory: /home/byrn/HDF_Projects/build/ci-StdShar-GNUC/BLOSC/example
16: Test timeout computed to be: 600
36: -- Require TEST_EXPECT to be defined
36: -- COMMAND:  /home/byrn/HDF_Projects/temp/HDF_Group/HDF5/1.14.4.2/bin/h5dump -pH;out-ud_convert_lz.h5repack_layout.h5
77: No all objects to modify layout
77:  <X> with chunk size 217 
77:  <Y> with chunk size 217 
77:  <Z> with chunk size 217 
77:  <Indexes> with chunk size 217 
77:  <Indexes2> with chunk size 1517 
77:  <Pressure> with chunk size 10 20 5 
77:  <Pressure2> with chunk size 10 20 5 
77:  <Pressure3> with chunk size 10 20 5 
77:  <Pressure_2D> with chunk size 10 20 
77:  <Stress> with chunk size 11 21 1 1 
77:  <Velocity> with chunk size 11 21 1 1 
77:  <Stress2> with chunk size 11 21 1 1 
77:  <Velocity2> with chunk size 11 21 1 1 
77:  <Stress3> with chunk size 11 21 1 1 
77:  <Velocity3> with chunk size 11 21 1 1 
77:  <VelocityZ> with chunk size 11 21 1 
77:  <VelocityZ2> with chunk size 11 21 1 
77:  <VelocityZ3> with chunk size 11 21 1 
77:  <XY> with chunk size 651 1 
77:  <XYZ> with chunk size 217 1 
77:  <XYZ2> with chunk size 1617 1 
77:  <XYZ3> with chunk size 33 1 
77: All objects to apply filter are...
77:  User Defined 32013
77:  <X>...Found
77:  <Y>...Found
77:  <Z>...Found
77:  <Indexes>...Found
77:  <Indexes2>...Found
77:  <Pressure>...Found
77:  <Pressure2>...Found
77:  <Pressure3>...Found
77:  <Pressure_2D>...Found
77:  <Stress>...Found
77:  <Velocity>...Found
77:  <Stress2>...Found
77:  <Velocity2>...Found
77:  <Stress3>...Found
77:  <Velocity3>...Found
77:  <VelocityZ>...Found
77:  <VelocityZ2>...Found
77:  <VelocityZ3>...Found
77:  <XY>...Found
77:  <XYZ>...Found
77:  <XYZ2>...Found
77:  <XYZ3>...Found
77: Making new file ...
77: -----------------------------------------
77:  Type     Filter (Compression)     Name
77: -----------------------------------------
77:  group                       /
77:  dset     UD   (0.889:1)     /DxDy
77:  dset     UD   (1.333:1)     /DxDyDz
77:  dset     UD   (2.578:1)     /Indexes
77:  dset     UD   (2.270:1)     /Indexes2
77:  dset     UD   (12.000:1)    /Origin
77:  dset     UD   (8.000:1)     /Origin2
77:  dset     UD   (24.242:1)    /Pressure
77:  dset     UD   (7.722:1)     /Pressure2
77:  dset     UD   (7.722:1)     /Pressure3
77:  warning: could not create dataset </Pressure_2D>. Applying original settings
77:  dset                        /Pressure_2D
77:  dset     UD   (18.177:1)    /Stress
77:  dset     UD   (18.177:1)    /Stress2
77:  dset     UD   (18.177:1)    /Stress3
77:  dset     UD   (10.662:1)    /Velocity
77:  dset     UD   (10.662:1)    /Velocity2
77:  dset     UD   (10.662:1)    /Velocity3
77:  warning: could not create dataset </VelocityX_2D>. Applying original settings
77:  dset                        /VelocityX_2D
77:  dset     UD   (9.935:1)     /VelocityZ
77:  dset     UD   (3.638:1)     /VelocityZ2
77:  dset     UD   (3.638:1)     /VelocityZ3
77:  dset     UD   (2.052:1)     /X
77:  dset     UD   (2.396:1)     /XY
77:  dset     UD   (2.604:1)     /XYZ
77:  dset     UD   (2.521:1)     /XYZ2
77:  dset     UD   (2.340:1)     /XYZ3
77:  dset     UD   (2.000:1)     /X_1D
77:  dset     UD   (2.815:1)     /Y
77:  dset     UD   (1.953:1)     /Y_1D
77:  dset     UD   (3.232:1)     /Z
77:  dset     UD   (1.833:1)     /Z_1D
77: 
36: -- COMMAND Result: 0
36: -- COMMAND Error: 
77: -- /home/byrn/HDF_Projects/temp/HDF_Group/HDF5/1.14.4.2/bin/h5repack Passed
53/81 Test #16: H5BLOSC_UD-ud_convert_lz4-clearall-objects ......   Passed    0.01 sec
test 17
      Start 17: H5BLOSC_UD-ud_convert_lz4

17: Test command: /usr/bin/cmake "-D" "TEST_PROGRAM=/home/byrn/HDF_Projects/temp/HDF_Group/HDF5/1.14.4.2/bin/h5repack" "-D" "TEST_ARGS:STRING=-v;-f;UD=32001,0,7,0,0,0,0,5,1,1;/home/byrn/HDF_Projects/build/ci-StdShar-GNUC/BLOSC/example/h5repack_layout.h5;/home/byrn/HDF_Projects/build/ci-StdShar-GNUC/BLOSC/example/out-ud_convert_lz4.h5repack_layout.h5" "-D" "TEST_FOLDER=/home/byrn/HDF_Projects/build/ci-StdShar-GNUC/BLOSC/example" "-D" "TEST_EXPECT=0" "-D" "TEST_FILTER:STRING=O?...ing file[^
]+
" "-D" "TEST_OUTPUT=ud_convert_lz4.h5repack_layout.h5.out" "-D" "TEST_REFERENCE=ud_convert_lz4.h5repack_layout.h5.tst" "-D" "TEST_LIBRARY_DIRECTORY=/home/byrn/HDF_Projects/temp/HDF_Group/HDF5/1.14.4.2/lib" "-D" "TEST_ENV_VAR=HDF5_PLUGIN_PATH" "-D" "TEST_ENV_VALUE=/home/byrn/HDF_Projects/build/ci-StdShar-GNUC/plugins" "-P" "/home/byrn/HDF_Projects/hdf5_plugins/BLOSC/config/cmake/runTest.cmake"
17: Working Directory: /home/byrn/HDF_Projects/build/ci-StdShar-GNUC/BLOSC/example
17: Test timeout computed to be: 600
54/81 Test #77: H5ZFP_UD-ud_mesh_convert ........................   Passed    0.05 sec
test 78
      Start 78: H5ZFP_UD-h5dump-ud_mesh_convert

78: Test command: /usr/bin/cmake "-D" "TEST_PROGRAM=/home/byrn/HDF_Projects/temp/HDF_Group/HDF5/1.14.4.2/bin/h5dump" "-D" "TEST_ARGS:STRING=-pH;out-ud_mesh_convert.mesh.h5" "-D" "TEST_FOLDER=/home/byrn/HDF_Projects/build/ci-StdShar-GNUC/ZFP/example" "-D" "TEST_OUTPUT=mesh.h5-ud_mesh_convert.out" "-D" "TEST_EXPECT=0" "-D" "TEST_REFERENCE=mesh.h5-ud_mesh_convert.ddl" "-D" "TEST_FILTER:STRING=PARAMS {[ -0-9]*}" "-D" "TEST_FILTER_REPLACE:STRING=PARAMS { XXXX }" "-D" "TEST_LIBRARY_DIRECTORY=/home/byrn/HDF_Projects/temp/HDF_Group/HDF5/1.14.4.2/lib" "-D" "TEST_ENV_VAR=HDF5_PLUGIN_PATH" "-D" "TEST_ENV_VALUE=/home/byrn/HDF_Projects/build/ci-StdShar-GNUC/plugins" "-P" "/home/byrn/HDF_Projects/hdf5_plugins/ZFP/config/cmake/runTest.cmake"
78: Working Directory: /home/byrn/HDF_Projects/build/ci-StdShar-GNUC/ZFP/example
78: Test timeout computed to be: 600
36: -- COMPARE Result: 0
36: -- /home/byrn/HDF_Projects/temp/HDF_Group/HDF5/1.14.4.2/bin/h5dump Passed
17: -- Require TEST_EXPECT to be defined
17: -- COMMAND:  /home/byrn/HDF_Projects/temp/HDF_Group/HDF5/1.14.4.2/bin/h5repack -v;-f;UD=32001,0,7,0,0,0,0,5,1,1;/home/byrn/HDF_Projects/build/ci-StdShar-GNUC/BLOSC/example/h5repack_layout.h5;/home/byrn/HDF_Projects/build/ci-StdShar-GNUC/BLOSC/example/out-ud_convert_lz4.h5repack_layout.h5
55/81 Test #36: H5BLOSC2_UD-h5dump-ud_convert_lz ................   Passed    0.02 sec
test 37
      Start 37: H5BLOSC2_UD-ud_convert_lz4-clearall-objects

37: Test command: /usr/bin/cmake "-E" "remove" "out-ud_convert_lz4.h5repack_layout.h5" "ud_convert_lz4.h5repack_layout.h5.out" "ud_convert_lz4.h5repack_layout.h5.out.err" "h5repack_layout.h5-ud_convert_lz4.out" "h5repack_layout.h5-ud_convert_lz4.out.err"
37: Working Directory: /home/byrn/HDF_Projects/build/ci-StdShar-GNUC/BLOSC2/example
37: Test timeout computed to be: 600
78: -- Require TEST_EXPECT to be defined
78: -- COMMAND:  /home/byrn/HDF_Projects/temp/HDF_Group/HDF5/1.14.4.2/bin/h5dump -pH;out-ud_mesh_convert.mesh.h5
17: -- COMMAND Result: 0
17: -- COMMAND Error: 
78: -- COMMAND Result: 0
78: -- COMMAND Error: 
56/81 Test #37: H5BLOSC2_UD-ud_convert_lz4-clearall-objects .....   Passed    0.01 sec
test 38
      Start 38: H5BLOSC2_UD-ud_convert_lz4

38: Test command: /usr/bin/cmake "-D" "TEST_PROGRAM=/home/byrn/HDF_Projects/temp/HDF_Group/HDF5/1.14.4.2/bin/h5repack" "-D" "TEST_ARGS:STRING=-v;-f;UD=32026,0,7,0,0,0,0,5,1,1;/home/byrn/HDF_Projects/build/ci-StdShar-GNUC/BLOSC2/example/h5repack_layout.h5;/home/byrn/HDF_Projects/build/ci-StdShar-GNUC/BLOSC2/example/out-ud_convert_lz4.h5repack_layout.h5" "-D" "TEST_FOLDER=/home/byrn/HDF_Projects/build/ci-StdShar-GNUC/BLOSC2/example" "-D" "TEST_EXPECT=0" "-D" "TEST_FILTER:STRING=O?...ing file[^
]+
" "-D" "TEST_OUTPUT=ud_convert_lz4.h5repack_layout.h5.out" "-D" "TEST_REFERENCE=ud_convert_lz4.h5repack_layout.h5.tst" "-D" "TEST_LIBRARY_DIRECTORY=/home/byrn/HDF_Projects/temp/HDF_Group/HDF5/1.14.4.2/lib" "-D" "TEST_ENV_VAR=HDF5_PLUGIN_PATH" "-D" "TEST_ENV_VALUE=/home/byrn/HDF_Projects/build/ci-StdShar-GNUC/plugins" "-P" "/home/byrn/HDF_Projects/hdf5_plugins/BLOSC2/config/cmake/runTest.cmake"
38: Working Directory: /home/byrn/HDF_Projects/build/ci-StdShar-GNUC/BLOSC2/example
38: Test timeout computed to be: 600
17: -- COMPARE Result: 0
17: -- /home/byrn/HDF_Projects/temp/HDF_Group/HDF5/1.14.4.2/bin/h5repack Passed
57/81 Test #17: H5BLOSC_UD-ud_convert_lz4 .......................   Passed    0.02 sec
test 18
      Start 18: H5BLOSC_UD-h5dump-ud_convert_lz4

18: Test command: /usr/bin/cmake "-D" "TEST_PROGRAM=/home/byrn/HDF_Projects/temp/HDF_Group/HDF5/1.14.4.2/bin/h5dump" "-D" "TEST_ARGS:STRING=-pH;out-ud_convert_lz4.h5repack_layout.h5" "-D" "TEST_FOLDER=/home/byrn/HDF_Projects/build/ci-StdShar-GNUC/BLOSC/example" "-D" "TEST_OUTPUT=h5repack_layout.h5-ud_convert_lz4.out" "-D" "TEST_EXPECT=0" "-D" "TEST_REFERENCE=h5repack_layout.h5-ud_convert_lz4.ddl" "-D" "TEST_LIBRARY_DIRECTORY=/home/byrn/HDF_Projects/temp/HDF_Group/HDF5/1.14.4.2/lib" "-D" "TEST_ENV_VAR=HDF5_PLUGIN_PATH" "-D" "TEST_ENV_VALUE=/home/byrn/HDF_Projects/build/ci-StdShar-GNUC/plugins" "-P" "/home/byrn/HDF_Projects/hdf5_plugins/BLOSC/config/cmake/runTest.cmake"
18: Working Directory: /home/byrn/HDF_Projects/build/ci-StdShar-GNUC/BLOSC/example
18: Test timeout computed to be: 600
78: -- COMPARE Result: 0
78: -- /home/byrn/HDF_Projects/temp/HDF_Group/HDF5/1.14.4.2/bin/h5dump Passed
58/81 Test #78: H5ZFP_UD-h5dump-ud_mesh_convert .................   Passed    0.02 sec
38: -- Require TEST_EXPECT to be defined
38: -- COMMAND:  /home/byrn/HDF_Projects/temp/HDF_Group/HDF5/1.14.4.2/bin/h5repack -v;-f;UD=32026,0,7,0,0,0,0,5,1,1;/home/byrn/HDF_Projects/build/ci-StdShar-GNUC/BLOSC2/example/h5repack_layout.h5;/home/byrn/HDF_Projects/build/ci-StdShar-GNUC/BLOSC2/example/out-ud_convert_lz4.h5repack_layout.h5
18: -- Require TEST_EXPECT to be defined
18: -- COMMAND:  /home/byrn/HDF_Projects/temp/HDF_Group/HDF5/1.14.4.2/bin/h5dump -pH;out-ud_convert_lz4.h5repack_layout.h5
38: -- COMMAND Result: 0
38: -- COMMAND Error: 
18: -- COMMAND Result: 0
18: -- COMMAND Error: 
18: -- COMPARE Result: 0
38: -- COMPARE Result: 0
18: -- /home/byrn/HDF_Projects/temp/HDF_Group/HDF5/1.14.4.2/bin/h5dump Passed
38: -- /home/byrn/HDF_Projects/temp/HDF_Group/HDF5/1.14.4.2/bin/h5repack Passed
59/81 Test #18: H5BLOSC_UD-h5dump-ud_convert_lz4 ................   Passed    0.02 sec
test 19
      Start 19: H5BLOSC_UD-ud_convert_lz4hc-clearall-objects

19: Test command: /usr/bin/cmake "-E" "remove" "out-ud_convert_lz4hc.h5repack_layout.h5" "ud_convert_lz4hc.h5repack_layout.h5.out" "ud_convert_lz4hc.h5repack_layout.h5.out.err" "h5repack_layout.h5-ud_convert_lz4hc.out" "h5repack_layout.h5-ud_convert_lz4hc.out.err"
19: Working Directory: /home/byrn/HDF_Projects/build/ci-StdShar-GNUC/BLOSC/example
19: Test timeout computed to be: 600
60/81 Test #38: H5BLOSC2_UD-ud_convert_lz4 ......................   Passed    0.03 sec
test 39
      Start 39: H5BLOSC2_UD-h5dump-ud_convert_lz4

39: Test command: /usr/bin/cmake "-D" "TEST_PROGRAM=/home/byrn/HDF_Projects/temp/HDF_Group/HDF5/1.14.4.2/bin/h5dump" "-D" "TEST_ARGS:STRING=-pH;out-ud_convert_lz4.h5repack_layout.h5" "-D" "TEST_FOLDER=/home/byrn/HDF_Projects/build/ci-StdShar-GNUC/BLOSC2/example" "-D" "TEST_OUTPUT=h5repack_layout.h5-ud_convert_lz4.out" "-D" "TEST_EXPECT=0" "-D" "TEST_REFERENCE=h5repack_layout.h5-ud_convert_lz4.ddl" "-D" "TEST_LIBRARY_DIRECTORY=/home/byrn/HDF_Projects/temp/HDF_Group/HDF5/1.14.4.2/lib" "-D" "TEST_ENV_VAR=HDF5_PLUGIN_PATH" "-D" "TEST_ENV_VALUE=/home/byrn/HDF_Projects/build/ci-StdShar-GNUC/plugins" "-P" "/home/byrn/HDF_Projects/hdf5_plugins/BLOSC2/config/cmake/runTest.cmake"
39: Working Directory: /home/byrn/HDF_Projects/build/ci-StdShar-GNUC/BLOSC2/example
39: Test timeout computed to be: 600
61/81 Test #19: H5BLOSC_UD-ud_convert_lz4hc-clearall-objects ....   Passed    0.01 sec
test 20
      Start 20: H5BLOSC_UD-ud_convert_lz4hc

20: Test command: /usr/bin/cmake "-D" "TEST_PROGRAM=/home/byrn/HDF_Projects/temp/HDF_Group/HDF5/1.14.4.2/bin/h5repack" "-D" "TEST_ARGS:STRING=-v;-f;UD=32001,0,7,0,0,0,0,5,1,2;/home/byrn/HDF_Projects/build/ci-StdShar-GNUC/BLOSC/example/h5repack_layout.h5;/home/byrn/HDF_Projects/build/ci-StdShar-GNUC/BLOSC/example/out-ud_convert_lz4hc.h5repack_layout.h5" "-D" "TEST_FOLDER=/home/byrn/HDF_Projects/build/ci-StdShar-GNUC/BLOSC/example" "-D" "TEST_EXPECT=0" "-D" "TEST_FILTER:STRING=O?...ing file[^
]+
" "-D" "TEST_OUTPUT=ud_convert_lz4hc.h5repack_layout.h5.out" "-D" "TEST_REFERENCE=ud_convert_lz4hc.h5repack_layout.h5.tst" "-D" "TEST_LIBRARY_DIRECTORY=/home/byrn/HDF_Projects/temp/HDF_Group/HDF5/1.14.4.2/lib" "-D" "TEST_ENV_VAR=HDF5_PLUGIN_PATH" "-D" "TEST_ENV_VALUE=/home/byrn/HDF_Projects/build/ci-StdShar-GNUC/plugins" "-P" "/home/byrn/HDF_Projects/hdf5_plugins/BLOSC/config/cmake/runTest.cmake"
20: Working Directory: /home/byrn/HDF_Projects/build/ci-StdShar-GNUC/BLOSC/example
20: Test timeout computed to be: 600
39: -- Require TEST_EXPECT to be defined
39: -- COMMAND:  /home/byrn/HDF_Projects/temp/HDF_Group/HDF5/1.14.4.2/bin/h5dump -pH;out-ud_convert_lz4.h5repack_layout.h5
39: -- COMMAND Result: 0
39: -- COMMAND Error: 
20: -- Require TEST_EXPECT to be defined
20: -- COMMAND:  /home/byrn/HDF_Projects/temp/HDF_Group/HDF5/1.14.4.2/bin/h5repack -v;-f;UD=32001,0,7,0,0,0,0,5,1,2;/home/byrn/HDF_Projects/build/ci-StdShar-GNUC/BLOSC/example/h5repack_layout.h5;/home/byrn/HDF_Projects/build/ci-StdShar-GNUC/BLOSC/example/out-ud_convert_lz4hc.h5repack_layout.h5
39: -- COMPARE Result: 0
39: -- /home/byrn/HDF_Projects/temp/HDF_Group/HDF5/1.14.4.2/bin/h5dump Passed
62/81 Test #39: H5BLOSC2_UD-h5dump-ud_convert_lz4 ...............   Passed    0.02 sec
test 40
      Start 40: H5BLOSC2_UD-ud_convert_lz4hc-clearall-objects

40: Test command: /usr/bin/cmake "-E" "remove" "out-ud_convert_lz4hc.h5repack_layout.h5" "ud_convert_lz4hc.h5repack_layout.h5.out" "ud_convert_lz4hc.h5repack_layout.h5.out.err" "h5repack_layout.h5-ud_convert_lz4hc.out" "h5repack_layout.h5-ud_convert_lz4hc.out.err"
40: Working Directory: /home/byrn/HDF_Projects/build/ci-StdShar-GNUC/BLOSC2/example
40: Test timeout computed to be: 600
20: -- COMMAND Result: 0
20: -- COMMAND Error: 
20: -- COMPARE Result: 0
63/81 Test #40: H5BLOSC2_UD-ud_convert_lz4hc-clearall-objects ...   Passed    0.01 sec
test 41
      Start 41: H5BLOSC2_UD-ud_convert_lz4hc

41: Test command: /usr/bin/cmake "-D" "TEST_PROGRAM=/home/byrn/HDF_Projects/temp/HDF_Group/HDF5/1.14.4.2/bin/h5repack" "-D" "TEST_ARGS:STRING=-v;-f;UD=32026,0,7,0,0,0,0,5,1,2;/home/byrn/HDF_Projects/build/ci-StdShar-GNUC/BLOSC2/example/h5repack_layout.h5;/home/byrn/HDF_Projects/build/ci-StdShar-GNUC/BLOSC2/example/out-ud_convert_lz4hc.h5repack_layout.h5" "-D" "TEST_FOLDER=/home/byrn/HDF_Projects/build/ci-StdShar-GNUC/BLOSC2/example" "-D" "TEST_EXPECT=0" "-D" "TEST_FILTER:STRING=O?...ing file[^
]+
" "-D" "TEST_OUTPUT=ud_convert_lz4hc.h5repack_layout.h5.out" "-D" "TEST_REFERENCE=ud_convert_lz4hc.h5repack_layout.h5.tst" "-D" "TEST_LIBRARY_DIRECTORY=/home/byrn/HDF_Projects/temp/HDF_Group/HDF5/1.14.4.2/lib" "-D" "TEST_ENV_VAR=HDF5_PLUGIN_PATH" "-D" "TEST_ENV_VALUE=/home/byrn/HDF_Projects/build/ci-StdShar-GNUC/plugins" "-P" "/home/byrn/HDF_Projects/hdf5_plugins/BLOSC2/config/cmake/runTest.cmake"
41: Working Directory: /home/byrn/HDF_Projects/build/ci-StdShar-GNUC/BLOSC2/example
41: Test timeout computed to be: 600
20: -- /home/byrn/HDF_Projects/temp/HDF_Group/HDF5/1.14.4.2/bin/h5repack Passed
64/81 Test #20: H5BLOSC_UD-ud_convert_lz4hc .....................   Passed    0.02 sec
test 21
      Start 21: H5BLOSC_UD-h5dump-ud_convert_lz4hc

21: Test command: /usr/bin/cmake "-D" "TEST_PROGRAM=/home/byrn/HDF_Projects/temp/HDF_Group/HDF5/1.14.4.2/bin/h5dump" "-D" "TEST_ARGS:STRING=-pH;out-ud_convert_lz4hc.h5repack_layout.h5" "-D" "TEST_FOLDER=/home/byrn/HDF_Projects/build/ci-StdShar-GNUC/BLOSC/example" "-D" "TEST_OUTPUT=h5repack_layout.h5-ud_convert_lz4hc.out" "-D" "TEST_EXPECT=0" "-D" "TEST_REFERENCE=h5repack_layout.h5-ud_convert_lz4hc.ddl" "-D" "TEST_LIBRARY_DIRECTORY=/home/byrn/HDF_Projects/temp/HDF_Group/HDF5/1.14.4.2/lib" "-D" "TEST_ENV_VAR=HDF5_PLUGIN_PATH" "-D" "TEST_ENV_VALUE=/home/byrn/HDF_Projects/build/ci-StdShar-GNUC/plugins" "-P" "/home/byrn/HDF_Projects/hdf5_plugins/BLOSC/config/cmake/runTest.cmake"
21: Working Directory: /home/byrn/HDF_Projects/build/ci-StdShar-GNUC/BLOSC/example
21: Test timeout computed to be: 600
41: -- Require TEST_EXPECT to be defined
41: -- COMMAND:  /home/byrn/HDF_Projects/temp/HDF_Group/HDF5/1.14.4.2/bin/h5repack -v;-f;UD=32026,0,7,0,0,0,0,5,1,2;/home/byrn/HDF_Projects/build/ci-StdShar-GNUC/BLOSC2/example/h5repack_layout.h5;/home/byrn/HDF_Projects/build/ci-StdShar-GNUC/BLOSC2/example/out-ud_convert_lz4hc.h5repack_layout.h5
21: -- Require TEST_EXPECT to be defined
21: -- COMMAND:  /home/byrn/HDF_Projects/temp/HDF_Group/HDF5/1.14.4.2/bin/h5dump -pH;out-ud_convert_lz4hc.h5repack_layout.h5
21: -- COMMAND Result: 0
21: -- COMMAND Error: 
41: -- COMMAND Result: 0
41: -- COMMAND Error: 
21: -- COMPARE Result: 0
21: -- /home/byrn/HDF_Projects/temp/HDF_Group/HDF5/1.14.4.2/bin/h5dump Passed
65/81 Test #21: H5BLOSC_UD-h5dump-ud_convert_lz4hc ..............   Passed    0.02 sec
test 22
      Start 22: H5BLOSC_UD-ud_convert_zlib-clearall-objects

22: Test command: /usr/bin/cmake "-E" "remove" "out-ud_convert_zlib.h5repack_layout.h5" "ud_convert_zlib.h5repack_layout.h5.out" "ud_convert_zlib.h5repack_layout.h5.out.err" "h5repack_layout.h5-ud_convert_zlib.out" "h5repack_layout.h5-ud_convert_zlib.out.err"
22: Working Directory: /home/byrn/HDF_Projects/build/ci-StdShar-GNUC/BLOSC/example
22: Test timeout computed to be: 600
41: -- COMPARE Result: 0
41: -- /home/byrn/HDF_Projects/temp/HDF_Group/HDF5/1.14.4.2/bin/h5repack Passed
66/81 Test #41: H5BLOSC2_UD-ud_convert_lz4hc ....................   Passed    0.02 sec
test 42
      Start 42: H5BLOSC2_UD-h5dump-ud_convert_lz4hc

42: Test command: /usr/bin/cmake "-D" "TEST_PROGRAM=/home/byrn/HDF_Projects/temp/HDF_Group/HDF5/1.14.4.2/bin/h5dump" "-D" "TEST_ARGS:STRING=-pH;out-ud_convert_lz4hc.h5repack_layout.h5" "-D" "TEST_FOLDER=/home/byrn/HDF_Projects/build/ci-StdShar-GNUC/BLOSC2/example" "-D" "TEST_OUTPUT=h5repack_layout.h5-ud_convert_lz4hc.out" "-D" "TEST_EXPECT=0" "-D" "TEST_REFERENCE=h5repack_layout.h5-ud_convert_lz4hc.ddl" "-D" "TEST_LIBRARY_DIRECTORY=/home/byrn/HDF_Projects/temp/HDF_Group/HDF5/1.14.4.2/lib" "-D" "TEST_ENV_VAR=HDF5_PLUGIN_PATH" "-D" "TEST_ENV_VALUE=/home/byrn/HDF_Projects/build/ci-StdShar-GNUC/plugins" "-P" "/home/byrn/HDF_Projects/hdf5_plugins/BLOSC2/config/cmake/runTest.cmake"
42: Working Directory: /home/byrn/HDF_Projects/build/ci-StdShar-GNUC/BLOSC2/example
42: Test timeout computed to be: 600
67/81 Test #22: H5BLOSC_UD-ud_convert_zlib-clearall-objects .....   Passed    0.01 sec
test 23
      Start 23: H5BLOSC_UD-ud_convert_zlib

23: Test command: /usr/bin/cmake "-D" "TEST_PROGRAM=/home/byrn/HDF_Projects/temp/HDF_Group/HDF5/1.14.4.2/bin/h5repack" "-D" "TEST_ARGS:STRING=-v;-f;UD=32001,0,7,0,0,0,0,5,1,4;/home/byrn/HDF_Projects/build/ci-StdShar-GNUC/BLOSC/example/h5repack_layout.h5;/home/byrn/HDF_Projects/build/ci-StdShar-GNUC/BLOSC/example/out-ud_convert_zlib.h5repack_layout.h5" "-D" "TEST_FOLDER=/home/byrn/HDF_Projects/build/ci-StdShar-GNUC/BLOSC/example" "-D" "TEST_EXPECT=0" "-D" "TEST_FILTER:STRING=O?...ing file[^
]+
" "-D" "TEST_OUTPUT=ud_convert_zlib.h5repack_layout.h5.out" "-D" "TEST_REFERENCE=ud_convert_zlib.h5repack_layout.h5.tst" "-D" "TEST_LIBRARY_DIRECTORY=/home/byrn/HDF_Projects/temp/HDF_Group/HDF5/1.14.4.2/lib" "-D" "TEST_ENV_VAR=HDF5_PLUGIN_PATH" "-D" "TEST_ENV_VALUE=/home/byrn/HDF_Projects/build/ci-StdShar-GNUC/plugins" "-P" "/home/byrn/HDF_Projects/hdf5_plugins/BLOSC/config/cmake/runTest.cmake"
23: Working Directory: /home/byrn/HDF_Projects/build/ci-StdShar-GNUC/BLOSC/example
23: Test timeout computed to be: 600
42: -- Require TEST_EXPECT to be defined
42: -- COMMAND:  /home/byrn/HDF_Projects/temp/HDF_Group/HDF5/1.14.4.2/bin/h5dump -pH;out-ud_convert_lz4hc.h5repack_layout.h5
42: -- COMMAND Result: 0
42: -- COMMAND Error: 
23: -- Require TEST_EXPECT to be defined
23: -- COMMAND:  /home/byrn/HDF_Projects/temp/HDF_Group/HDF5/1.14.4.2/bin/h5repack -v;-f;UD=32001,0,7,0,0,0,0,5,1,4;/home/byrn/HDF_Projects/build/ci-StdShar-GNUC/BLOSC/example/h5repack_layout.h5;/home/byrn/HDF_Projects/build/ci-StdShar-GNUC/BLOSC/example/out-ud_convert_zlib.h5repack_layout.h5
42: -- COMPARE Result: 0
42: -- /home/byrn/HDF_Projects/temp/HDF_Group/HDF5/1.14.4.2/bin/h5dump Passed
68/81 Test #42: H5BLOSC2_UD-h5dump-ud_convert_lz4hc .............   Passed    0.02 sec
test 43
      Start 43: H5BLOSC2_UD-ud_convert_zlib-clearall-objects

43: Test command: /usr/bin/cmake "-E" "remove" "out-ud_convert_zlib.h5repack_layout.h5" "ud_convert_zlib.h5repack_layout.h5.out" "ud_convert_zlib.h5repack_layout.h5.out.err" "h5repack_layout.h5-ud_convert_zlib.out" "h5repack_layout.h5-ud_convert_zlib.out.err"
43: Working Directory: /home/byrn/HDF_Projects/build/ci-StdShar-GNUC/BLOSC2/example
43: Test timeout computed to be: 600
23: -- COMMAND Result: 0
23: -- COMMAND Error: 
23: -- COMPARE Result: 0
69/81 Test #43: H5BLOSC2_UD-ud_convert_zlib-clearall-objects ....   Passed    0.01 sec
test 44
      Start 44: H5BLOSC2_UD-ud_convert_zlib

44: Test command: /usr/bin/cmake "-D" "TEST_PROGRAM=/home/byrn/HDF_Projects/temp/HDF_Group/HDF5/1.14.4.2/bin/h5repack" "-D" "TEST_ARGS:STRING=-v;-f;UD=32026,0,7,0,0,0,0,5,1,4;/home/byrn/HDF_Projects/build/ci-StdShar-GNUC/BLOSC2/example/h5repack_layout.h5;/home/byrn/HDF_Projects/build/ci-StdShar-GNUC/BLOSC2/example/out-ud_convert_zlib.h5repack_layout.h5" "-D" "TEST_FOLDER=/home/byrn/HDF_Projects/build/ci-StdShar-GNUC/BLOSC2/example" "-D" "TEST_EXPECT=0" "-D" "TEST_FILTER:STRING=O?...ing file[^
]+
" "-D" "TEST_OUTPUT=ud_convert_zlib.h5repack_layout.h5.out" "-D" "TEST_REFERENCE=ud_convert_zlib.h5repack_layout.h5.tst" "-D" "TEST_LIBRARY_DIRECTORY=/home/byrn/HDF_Projects/temp/HDF_Group/HDF5/1.14.4.2/lib" "-D" "TEST_ENV_VAR=HDF5_PLUGIN_PATH" "-D" "TEST_ENV_VALUE=/home/byrn/HDF_Projects/build/ci-StdShar-GNUC/plugins" "-P" "/home/byrn/HDF_Projects/hdf5_plugins/BLOSC2/config/cmake/runTest.cmake"
44: Working Directory: /home/byrn/HDF_Projects/build/ci-StdShar-GNUC/BLOSC2/example
44: Test timeout computed to be: 600
23: -- /home/byrn/HDF_Projects/temp/HDF_Group/HDF5/1.14.4.2/bin/h5repack Passed
70/81 Test #23: H5BLOSC_UD-ud_convert_zlib ......................   Passed    0.02 sec
test 24
      Start 24: H5BLOSC_UD-h5dump-ud_convert_zlib

24: Test command: /usr/bin/cmake "-D" "TEST_PROGRAM=/home/byrn/HDF_Projects/temp/HDF_Group/HDF5/1.14.4.2/bin/h5dump" "-D" "TEST_ARGS:STRING=-pH;out-ud_convert_zlib.h5repack_layout.h5" "-D" "TEST_FOLDER=/home/byrn/HDF_Projects/build/ci-StdShar-GNUC/BLOSC/example" "-D" "TEST_OUTPUT=h5repack_layout.h5-ud_convert_zlib.out" "-D" "TEST_EXPECT=0" "-D" "TEST_REFERENCE=h5repack_layout.h5-ud_convert_zlib.ddl" "-D" "TEST_LIBRARY_DIRECTORY=/home/byrn/HDF_Projects/temp/HDF_Group/HDF5/1.14.4.2/lib" "-D" "TEST_ENV_VAR=HDF5_PLUGIN_PATH" "-D" "TEST_ENV_VALUE=/home/byrn/HDF_Projects/build/ci-StdShar-GNUC/plugins" "-P" "/home/byrn/HDF_Projects/hdf5_plugins/BLOSC/config/cmake/runTest.cmake"
24: Working Directory: /home/byrn/HDF_Projects/build/ci-StdShar-GNUC/BLOSC/example
24: Test timeout computed to be: 600
44: -- Require TEST_EXPECT to be defined
44: -- COMMAND:  /home/byrn/HDF_Projects/temp/HDF_Group/HDF5/1.14.4.2/bin/h5repack -v;-f;UD=32026,0,7,0,0,0,0,5,1,4;/home/byrn/HDF_Projects/build/ci-StdShar-GNUC/BLOSC2/example/h5repack_layout.h5;/home/byrn/HDF_Projects/build/ci-StdShar-GNUC/BLOSC2/example/out-ud_convert_zlib.h5repack_layout.h5
24: -- Require TEST_EXPECT to be defined
24: -- COMMAND:  /home/byrn/HDF_Projects/temp/HDF_Group/HDF5/1.14.4.2/bin/h5dump -pH;out-ud_convert_zlib.h5repack_layout.h5
24: -- COMMAND Result: 0
24: -- COMMAND Error: 
44: -- COMMAND Result: 0
44: -- COMMAND Error: 
24: -- COMPARE Result: 0
24: -- /home/byrn/HDF_Projects/temp/HDF_Group/HDF5/1.14.4.2/bin/h5dump Passed
71/81 Test #24: H5BLOSC_UD-h5dump-ud_convert_zlib ...............   Passed    0.02 sec
test 25
      Start 25: H5BLOSC_UD-ud_convert_zstd-clearall-objects

25: Test command: /usr/bin/cmake "-E" "remove" "out-ud_convert_zstd.h5repack_layout.h5" "ud_convert_zstd.h5repack_layout.h5.out" "ud_convert_zstd.h5repack_layout.h5.out.err" "h5repack_layout.h5-ud_convert_zstd.out" "h5repack_layout.h5-ud_convert_zstd.out.err"
25: Working Directory: /home/byrn/HDF_Projects/build/ci-StdShar-GNUC/BLOSC/example
25: Test timeout computed to be: 600
44: -- COMPARE Result: 0
44: -- /home/byrn/HDF_Projects/temp/HDF_Group/HDF5/1.14.4.2/bin/h5repack Passed
72/81 Test #44: H5BLOSC2_UD-ud_convert_zlib .....................   Passed    0.03 sec
test 45
      Start 45: H5BLOSC2_UD-h5dump-ud_convert_zlib

45: Test command: /usr/bin/cmake "-D" "TEST_PROGRAM=/home/byrn/HDF_Projects/temp/HDF_Group/HDF5/1.14.4.2/bin/h5dump" "-D" "TEST_ARGS:STRING=-pH;out-ud_convert_zlib.h5repack_layout.h5" "-D" "TEST_FOLDER=/home/byrn/HDF_Projects/build/ci-StdShar-GNUC/BLOSC2/example" "-D" "TEST_OUTPUT=h5repack_layout.h5-ud_convert_zlib.out" "-D" "TEST_EXPECT=0" "-D" "TEST_REFERENCE=h5repack_layout.h5-ud_convert_zlib.ddl" "-D" "TEST_LIBRARY_DIRECTORY=/home/byrn/HDF_Projects/temp/HDF_Group/HDF5/1.14.4.2/lib" "-D" "TEST_ENV_VAR=HDF5_PLUGIN_PATH" "-D" "TEST_ENV_VALUE=/home/byrn/HDF_Projects/build/ci-StdShar-GNUC/plugins" "-P" "/home/byrn/HDF_Projects/hdf5_plugins/BLOSC2/config/cmake/runTest.cmake"
45: Working Directory: /home/byrn/HDF_Projects/build/ci-StdShar-GNUC/BLOSC2/example
45: Test timeout computed to be: 600
73/81 Test #25: H5BLOSC_UD-ud_convert_zstd-clearall-objects .....   Passed    0.01 sec
test 26
      Start 26: H5BLOSC_UD-ud_convert_zstd

26: Test command: /usr/bin/cmake "-D" "TEST_PROGRAM=/home/byrn/HDF_Projects/temp/HDF_Group/HDF5/1.14.4.2/bin/h5repack" "-D" "TEST_ARGS:STRING=-v;-f;UD=32001,0,7,0,0,0,0,5,1,5;/home/byrn/HDF_Projects/build/ci-StdShar-GNUC/BLOSC/example/h5repack_layout.h5;/home/byrn/HDF_Projects/build/ci-StdShar-GNUC/BLOSC/example/out-ud_convert_zstd.h5repack_layout.h5" "-D" "TEST_FOLDER=/home/byrn/HDF_Projects/build/ci-StdShar-GNUC/BLOSC/example" "-D" "TEST_EXPECT=0" "-D" "TEST_FILTER:STRING=O?...ing file[^
]+
" "-D" "TEST_OUTPUT=ud_convert_zstd.h5repack_layout.h5.out" "-D" "TEST_REFERENCE=ud_convert_zstd.h5repack_layout.h5.tst" "-D" "TEST_LIBRARY_DIRECTORY=/home/byrn/HDF_Projects/temp/HDF_Group/HDF5/1.14.4.2/lib" "-D" "TEST_ENV_VAR=HDF5_PLUGIN_PATH" "-D" "TEST_ENV_VALUE=/home/byrn/HDF_Projects/build/ci-StdShar-GNUC/plugins" "-P" "/home/byrn/HDF_Projects/hdf5_plugins/BLOSC/config/cmake/runTest.cmake"
26: Working Directory: /home/byrn/HDF_Projects/build/ci-StdShar-GNUC/BLOSC/example
26: Test timeout computed to be: 600
45: -- Require TEST_EXPECT to be defined
45: -- COMMAND:  /home/byrn/HDF_Projects/temp/HDF_Group/HDF5/1.14.4.2/bin/h5dump -pH;out-ud_convert_zlib.h5repack_layout.h5
26: -- Require TEST_EXPECT to be defined
26: -- COMMAND:  /home/byrn/HDF_Projects/temp/HDF_Group/HDF5/1.14.4.2/bin/h5repack -v;-f;UD=32001,0,7,0,0,0,0,5,1,5;/home/byrn/HDF_Projects/build/ci-StdShar-GNUC/BLOSC/example/h5repack_layout.h5;/home/byrn/HDF_Projects/build/ci-StdShar-GNUC/BLOSC/example/out-ud_convert_zstd.h5repack_layout.h5
45: -- COMMAND Result: 0
45: -- COMMAND Error: 
26: -- COMMAND Result: 0
26: -- COMMAND Error: 
45: -- COMPARE Result: 0
45: -- /home/byrn/HDF_Projects/temp/HDF_Group/HDF5/1.14.4.2/bin/h5dump Passed
74/81 Test #45: H5BLOSC2_UD-h5dump-ud_convert_zlib ..............   Passed    0.02 sec
test 46
      Start 46: H5BLOSC2_UD-ud_convert_zstd-clearall-objects

46: Test command: /usr/bin/cmake "-E" "remove" "out-ud_convert_zstd.h5repack_layout.h5" "ud_convert_zstd.h5repack_layout.h5.out" "ud_convert_zstd.h5repack_layout.h5.out.err" "h5repack_layout.h5-ud_convert_zstd.out" "h5repack_layout.h5-ud_convert_zstd.out.err"
46: Working Directory: /home/byrn/HDF_Projects/build/ci-StdShar-GNUC/BLOSC2/example
46: Test timeout computed to be: 600
26: -- COMPARE Result: 0
26: -- /home/byrn/HDF_Projects/temp/HDF_Group/HDF5/1.14.4.2/bin/h5repack Passed
75/81 Test #26: H5BLOSC_UD-ud_convert_zstd ......................   Passed    0.02 sec
test 27
      Start 27: H5BLOSC_UD-h5dump-ud_convert_zstd

27: Test command: /usr/bin/cmake "-D" "TEST_PROGRAM=/home/byrn/HDF_Projects/temp/HDF_Group/HDF5/1.14.4.2/bin/h5dump" "-D" "TEST_ARGS:STRING=-pH;out-ud_convert_zstd.h5repack_layout.h5" "-D" "TEST_FOLDER=/home/byrn/HDF_Projects/build/ci-StdShar-GNUC/BLOSC/example" "-D" "TEST_OUTPUT=h5repack_layout.h5-ud_convert_zstd.out" "-D" "TEST_EXPECT=0" "-D" "TEST_REFERENCE=h5repack_layout.h5-ud_convert_zstd.ddl" "-D" "TEST_LIBRARY_DIRECTORY=/home/byrn/HDF_Projects/temp/HDF_Group/HDF5/1.14.4.2/lib" "-D" "TEST_ENV_VAR=HDF5_PLUGIN_PATH" "-D" "TEST_ENV_VALUE=/home/byrn/HDF_Projects/build/ci-StdShar-GNUC/plugins" "-P" "/home/byrn/HDF_Projects/hdf5_plugins/BLOSC/config/cmake/runTest.cmake"
27: Working Directory: /home/byrn/HDF_Projects/build/ci-StdShar-GNUC/BLOSC/example
27: Test timeout computed to be: 600
76/81 Test #46: H5BLOSC2_UD-ud_convert_zstd-clearall-objects ....   Passed    0.01 sec
test 47
      Start 47: H5BLOSC2_UD-ud_convert_zstd

47: Test command: /usr/bin/cmake "-D" "TEST_PROGRAM=/home/byrn/HDF_Projects/temp/HDF_Group/HDF5/1.14.4.2/bin/h5repack" "-D" "TEST_ARGS:STRING=-v;-f;UD=32026,0,7,0,0,0,0,5,1,5;/home/byrn/HDF_Projects/build/ci-StdShar-GNUC/BLOSC2/example/h5repack_layout.h5;/home/byrn/HDF_Projects/build/ci-StdShar-GNUC/BLOSC2/example/out-ud_convert_zstd.h5repack_layout.h5" "-D" "TEST_FOLDER=/home/byrn/HDF_Projects/build/ci-StdShar-GNUC/BLOSC2/example" "-D" "TEST_EXPECT=0" "-D" "TEST_FILTER:STRING=O?...ing file[^
]+
" "-D" "TEST_OUTPUT=ud_convert_zstd.h5repack_layout.h5.out" "-D" "TEST_REFERENCE=ud_convert_zstd.h5repack_layout.h5.tst" "-D" "TEST_LIBRARY_DIRECTORY=/home/byrn/HDF_Projects/temp/HDF_Group/HDF5/1.14.4.2/lib" "-D" "TEST_ENV_VAR=HDF5_PLUGIN_PATH" "-D" "TEST_ENV_VALUE=/home/byrn/HDF_Projects/build/ci-StdShar-GNUC/plugins" "-P" "/home/byrn/HDF_Projects/hdf5_plugins/BLOSC2/config/cmake/runTest.cmake"
47: Working Directory: /home/byrn/HDF_Projects/build/ci-StdShar-GNUC/BLOSC2/example
47: Test timeout computed to be: 600
27: -- Require TEST_EXPECT to be defined
27: -- COMMAND:  /home/byrn/HDF_Projects/temp/HDF_Group/HDF5/1.14.4.2/bin/h5dump -pH;out-ud_convert_zstd.h5repack_layout.h5
27: -- COMMAND Result: 0
27: -- COMMAND Error: 
47: -- Require TEST_EXPECT to be defined
47: -- COMMAND:  /home/byrn/HDF_Projects/temp/HDF_Group/HDF5/1.14.4.2/bin/h5repack -v;-f;UD=32026,0,7,0,0,0,0,5,1,5;/home/byrn/HDF_Projects/build/ci-StdShar-GNUC/BLOSC2/example/h5repack_layout.h5;/home/byrn/HDF_Projects/build/ci-StdShar-GNUC/BLOSC2/example/out-ud_convert_zstd.h5repack_layout.h5
27: -- COMPARE Result: 0
27: -- /home/byrn/HDF_Projects/temp/HDF_Group/HDF5/1.14.4.2/bin/h5dump Passed
77/81 Test #27: H5BLOSC_UD-h5dump-ud_convert_zstd ...............   Passed    0.02 sec
47: -- COMMAND Result: 0
47: -- COMMAND Error: 
47: -- COMPARE Result: 0
47: -- /home/byrn/HDF_Projects/temp/HDF_Group/HDF5/1.14.4.2/bin/h5repack Passed
78/81 Test #47: H5BLOSC2_UD-ud_convert_zstd .....................   Passed    0.03 sec
test 48
      Start 48: H5BLOSC2_UD-h5dump-ud_convert_zstd

48: Test command: /usr/bin/cmake "-D" "TEST_PROGRAM=/home/byrn/HDF_Projects/temp/HDF_Group/HDF5/1.14.4.2/bin/h5dump" "-D" "TEST_ARGS:STRING=-pH;out-ud_convert_zstd.h5repack_layout.h5" "-D" "TEST_FOLDER=/home/byrn/HDF_Projects/build/ci-StdShar-GNUC/BLOSC2/example" "-D" "TEST_OUTPUT=h5repack_layout.h5-ud_convert_zstd.out" "-D" "TEST_EXPECT=0" "-D" "TEST_REFERENCE=h5repack_layout.h5-ud_convert_zstd.ddl" "-D" "TEST_LIBRARY_DIRECTORY=/home/byrn/HDF_Projects/temp/HDF_Group/HDF5/1.14.4.2/lib" "-D" "TEST_ENV_VAR=HDF5_PLUGIN_PATH" "-D" "TEST_ENV_VALUE=/home/byrn/HDF_Projects/build/ci-StdShar-GNUC/plugins" "-P" "/home/byrn/HDF_Projects/hdf5_plugins/BLOSC2/config/cmake/runTest.cmake"
48: Working Directory: /home/byrn/HDF_Projects/build/ci-StdShar-GNUC/BLOSC2/example
48: Test timeout computed to be: 600
48: -- Require TEST_EXPECT to be defined
48: -- COMMAND:  /home/byrn/HDF_Projects/temp/HDF_Group/HDF5/1.14.4.2/bin/h5dump -pH;out-ud_convert_zstd.h5repack_layout.h5
48: -- COMMAND Result: 0
48: -- COMMAND Error: 
81: -- COMMAND Result: 0
81: -- COMMAND Error: 
57: -- COMMAND Result: 0
57: -- COMMAND Error: 
48: -- COMPARE Result: 0
48: -- /home/byrn/HDF_Projects/temp/HDF_Group/HDF5/1.14.4.2/bin/h5dump Passed
79/81 Test #48: H5BLOSC2_UD-h5dump-ud_convert_zstd ..............   Passed    0.02 sec
81: -- COMPARE Result: 0
81: -- /home/byrn/HDF_Projects/temp/HDF_Group/HDF5/1.14.4.2/bin/h5dump Passed
80/81 Test #81: H5DUMP-h5ex_d_zstd ..............................   Passed    0.38 sec
57: -- COMPARE Result: 0
57: -- /home/byrn/HDF_Projects/temp/HDF_Group/HDF5/1.14.4.2/bin/h5dump Passed
81/81 Test #57: H5DUMP-h5ex_d_jpeg ..............................   Passed    0.39 sec

100% tests passed, 0 tests failed out of 81

Total Test time (real) =   0.49 sec

Executing workflow step 4 of 4: package preset "ci-StdShar-GNUC"

CPack: Enable Verbose
CPack Verbose: Read CPack config file: 
CPack Verbose: Read CPack configuration file: /home/byrn/HDF_Projects/build/ci-StdShar-GNUC/CPackConfig.cmake
CPack Verbose: Specified generator: TGZ
CPack Verbose: Use generator: cmCPackArchiveGenerator
CPack Verbose: For project: h5pl
CPack: Create package using TGZ
CPack Verbose: Read description file: /home/byrn/HDF_Projects/build/ci-StdShar-GNUC/README.txt
CPack Verbose: [TGZ] requested component grouping = ALL_COMPONENTS_IN_ONE
CPack: Install projects
CPack: - Install project: h5pl []
CPack Verbose: Install configuration: "RelWithDebInfo"
CPack Verbose: Installing: /home/byrn/HDF_Projects/build/ci-StdShar-GNUC/_CPack_Packages/Linux/TGZ/h5pl-1.15.4-Linux/HDF_Group/HDF5/1.15.4/share/H5PL_Examples.cmake
CPack Verbose: Installing: /home/byrn/HDF_Projects/build/ci-StdShar-GNUC/_CPack_Packages/Linux/TGZ/h5pl-1.15.4-Linux/HDF_Group/HDF5/1.15.4/share/CTestScript.cmake
CPack Verbose: Installing: /home/byrn/HDF_Projects/build/ci-StdShar-GNUC/_CPack_Packages/Linux/TGZ/h5pl-1.15.4-Linux/HDF_Group/HDF5/1.15.4/share/HDFoptions.cmake
CPack Verbose: Installing: /home/byrn/HDF_Projects/build/ci-StdShar-GNUC/_CPack_Packages/Linux/TGZ/h5pl-1.15.4-Linux/HDF_Group/HDF5/1.15.4/share/HDFPLExamples
CPack Verbose: Installing: /home/byrn/HDF_Projects/build/ci-StdShar-GNUC/_CPack_Packages/Linux/TGZ/h5pl-1.15.4-Linux/HDF_Group/HDF5/1.15.4/share/HDFPLExamples/config
CPack Verbose: Installing: /home/byrn/HDF_Projects/build/ci-StdShar-GNUC/_CPack_Packages/Linux/TGZ/h5pl-1.15.4-Linux/HDF_Group/HDF5/1.15.4/share/HDFPLExamples/config/cmake
CPack Verbose: Installing: /home/byrn/HDF_Projects/build/ci-StdShar-GNUC/_CPack_Packages/Linux/TGZ/h5pl-1.15.4-Linux/HDF_Group/HDF5/1.15.4/share/HDFPLExamples/config/cmake/CTestCustom.cmake
CPack Verbose: Installing: /home/byrn/HDF_Projects/build/ci-StdShar-GNUC/_CPack_Packages/Linux/TGZ/h5pl-1.15.4-Linux/HDF_Group/HDF5/1.15.4/share/HDFPLExamples/config/cmake/cacheinit.cmake
CPack Verbose: Installing: /home/byrn/HDF_Projects/build/ci-StdShar-GNUC/_CPack_Packages/Linux/TGZ/h5pl-1.15.4-Linux/HDF_Group/HDF5/1.15.4/share/HDFPLExamples/config/cmake/grepTest.cmake
CPack Verbose: Installing: /home/byrn/HDF_Projects/build/ci-StdShar-GNUC/_CPack_Packages/Linux/TGZ/h5pl-1.15.4-Linux/HDF_Group/HDF5/1.15.4/share/HDFPLExamples/config/cmake/runTest.cmake
CPack Verbose: Installing: /home/byrn/HDF_Projects/build/ci-StdShar-GNUC/_CPack_Packages/Linux/TGZ/h5pl-1.15.4-Linux/HDF_Group/HDF5/1.15.4/share/HDFPLExamples/config/cmake/HDFMacros.cmake
CPack Verbose: Installing: /home/byrn/HDF_Projects/build/ci-StdShar-GNUC/_CPack_Packages/Linux/TGZ/h5pl-1.15.4-Linux/HDF_Group/HDF5/1.15.4/share/HDFPLExamples/config/cmake/HDFPluginMacros.cmake
CPack Verbose: Installing: /home/byrn/HDF_Projects/build/ci-StdShar-GNUC/_CPack_Packages/Linux/TGZ/h5pl-1.15.4-Linux/HDF_Group/HDF5/1.15.4/share/HDFPLExamples/config/toolchain
CPack Verbose: Installing: /home/byrn/HDF_Projects/build/ci-StdShar-GNUC/_CPack_Packages/Linux/TGZ/h5pl-1.15.4-Linux/HDF_Group/HDF5/1.15.4/share/HDFPLExamples/config/toolchain/build32.cmake
CPack Verbose: Installing: /home/byrn/HDF_Projects/build/ci-StdShar-GNUC/_CPack_Packages/Linux/TGZ/h5pl-1.15.4-Linux/HDF_Group/HDF5/1.15.4/share/HDFPLExamples/config/toolchain/clang.cmake
CPack Verbose: Installing: /home/byrn/HDF_Projects/build/ci-StdShar-GNUC/_CPack_Packages/Linux/TGZ/h5pl-1.15.4-Linux/HDF_Group/HDF5/1.15.4/share/HDFPLExamples/config/toolchain/crayle.cmake
CPack Verbose: Installing: /home/byrn/HDF_Projects/build/ci-StdShar-GNUC/_CPack_Packages/Linux/TGZ/h5pl-1.15.4-Linux/HDF_Group/HDF5/1.15.4/share/HDFPLExamples/config/toolchain/mingw64.cmake
CPack Verbose: Installing: /home/byrn/HDF_Projects/build/ci-StdShar-GNUC/_CPack_Packages/Linux/TGZ/h5pl-1.15.4-Linux/HDF_Group/HDF5/1.15.4/share/HDFPLExamples/config/toolchain/gcc.cmake
CPack Verbose: Installing: /home/byrn/HDF_Projects/build/ci-StdShar-GNUC/_CPack_Packages/Linux/TGZ/h5pl-1.15.4-Linux/HDF_Group/HDF5/1.15.4/share/HDFPLExamples/config/toolchain/pgi.cmake
CPack Verbose: Installing: /home/byrn/HDF_Projects/build/ci-StdShar-GNUC/_CPack_Packages/Linux/TGZ/h5pl-1.15.4-Linux/HDF_Group/HDF5/1.15.4/share/HDFPLExamples/config/toolchain/icc.cmake
CPack Verbose: Installing: /home/byrn/HDF_Projects/build/ci-StdShar-GNUC/_CPack_Packages/Linux/TGZ/h5pl-1.15.4-Linux/HDF_Group/HDF5/1.15.4/share/HDFPLExamples/config/toolchain/aarch64.cmake
CPack Verbose: Installing: /home/byrn/HDF_Projects/build/ci-StdShar-GNUC/_CPack_Packages/Linux/TGZ/h5pl-1.15.4-Linux/HDF_Group/HDF5/1.15.4/share/HDFPLExamples/example
CPack Verbose: Installing: /home/byrn/HDF_Projects/build/ci-StdShar-GNUC/_CPack_Packages/Linux/TGZ/h5pl-1.15.4-Linux/HDF_Group/HDF5/1.15.4/share/HDFPLExamples/example/test
CPack Verbose: Installing: /home/byrn/HDF_Projects/build/ci-StdShar-GNUC/_CPack_Packages/Linux/TGZ/h5pl-1.15.4-Linux/HDF_Group/HDF5/1.15.4/share/HDFPLExamples/example/test/test.sh
CPack Verbose: Installing: /home/byrn/HDF_Projects/build/ci-StdShar-GNUC/_CPack_Packages/Linux/TGZ/h5pl-1.15.4-Linux/HDF_Group/HDF5/1.15.4/share/HDFPLExamples/example/test/testCM.sh
CPack Verbose: Installing: /home/byrn/HDF_Projects/build/ci-StdShar-GNUC/_CPack_Packages/Linux/TGZ/h5pl-1.15.4-Linux/HDF_Group/HDF5/1.15.4/share/HDFPLExamples/example/testfiles
CPack Verbose: Installing: /home/byrn/HDF_Projects/build/ci-StdShar-GNUC/_CPack_Packages/Linux/TGZ/h5pl-1.15.4-Linux/HDF_Group/HDF5/1.15.4/share/HDFPLExamples/example/testfiles/h5ex_d_blosc.h5
CPack Verbose: Installing: /home/byrn/HDF_Projects/build/ci-StdShar-GNUC/_CPack_Packages/Linux/TGZ/h5pl-1.15.4-Linux/HDF_Group/HDF5/1.15.4/share/HDFPLExamples/example/testfiles/h5ex_d_bshuf.ddl
CPack Verbose: Installing: /home/byrn/HDF_Projects/build/ci-StdShar-GNUC/_CPack_Packages/Linux/TGZ/h5pl-1.15.4-Linux/HDF_Group/HDF5/1.15.4/share/HDFPLExamples/example/testfiles/h5ex_d_bshuf.h5
CPack Verbose: Installing: /home/byrn/HDF_Projects/build/ci-StdShar-GNUC/_CPack_Packages/Linux/TGZ/h5pl-1.15.4-Linux/HDF_Group/HDF5/1.15.4/share/HDFPLExamples/example/testfiles/h5ex_d_bshuf.tst
CPack Verbose: Installing: /home/byrn/HDF_Projects/build/ci-StdShar-GNUC/_CPack_Packages/Linux/TGZ/h5pl-1.15.4-Linux/HDF_Group/HDF5/1.15.4/share/HDFPLExamples/example/testfiles/h5ex_d_bzip2.h5
CPack Verbose: Installing: /home/byrn/HDF_Projects/build/ci-StdShar-GNUC/_CPack_Packages/Linux/TGZ/h5pl-1.15.4-Linux/HDF_Group/HDF5/1.15.4/share/HDFPLExamples/example/testfiles/h5ex_d_jpeg.h5
CPack Verbose: Installing: /home/byrn/HDF_Projects/build/ci-StdShar-GNUC/_CPack_Packages/Linux/TGZ/h5pl-1.15.4-Linux/HDF_Group/HDF5/1.15.4/share/HDFPLExamples/example/testfiles/h5ex_d_lz4.h5
CPack Verbose: Installing: /home/byrn/HDF_Projects/build/ci-StdShar-GNUC/_CPack_Packages/Linux/TGZ/h5pl-1.15.4-Linux/HDF_Group/HDF5/1.15.4/share/HDFPLExamples/example/testfiles/h5ex_d_lzf.h5
CPack Verbose: Installing: /home/byrn/HDF_Projects/build/ci-StdShar-GNUC/_CPack_Packages/Linux/TGZ/h5pl-1.15.4-Linux/HDF_Group/HDF5/1.15.4/share/HDFPLExamples/example/testfiles/h5ex_d_mafisc.ddl
CPack Verbose: Installing: /home/byrn/HDF_Projects/build/ci-StdShar-GNUC/_CPack_Packages/Linux/TGZ/h5pl-1.15.4-Linux/HDF_Group/HDF5/1.15.4/share/HDFPLExamples/example/testfiles/h5ex_d_mafisc.h5
CPack Verbose: Installing: /home/byrn/HDF_Projects/build/ci-StdShar-GNUC/_CPack_Packages/Linux/TGZ/h5pl-1.15.4-Linux/HDF_Group/HDF5/1.15.4/share/HDFPLExamples/example/testfiles/h5ex_d_sz.err
CPack Verbose: Installing: /home/byrn/HDF_Projects/build/ci-StdShar-GNUC/_CPack_Packages/Linux/TGZ/h5pl-1.15.4-Linux/HDF_Group/HDF5/1.15.4/share/HDFPLExamples/example/testfiles/h5ex_d_sz.h5
CPack Verbose: Installing: /home/byrn/HDF_Projects/build/ci-StdShar-GNUC/_CPack_Packages/Linux/TGZ/h5pl-1.15.4-Linux/HDF_Group/HDF5/1.15.4/share/HDFPLExamples/example/testfiles/h5ex_d_zfp.err
CPack Verbose: Installing: /home/byrn/HDF_Projects/build/ci-StdShar-GNUC/_CPack_Packages/Linux/TGZ/h5pl-1.15.4-Linux/HDF_Group/HDF5/1.15.4/share/HDFPLExamples/example/testfiles/h5ex_d_zfp.h5
CPack Verbose: Installing: /home/byrn/HDF_Projects/build/ci-StdShar-GNUC/_CPack_Packages/Linux/TGZ/h5pl-1.15.4-Linux/HDF_Group/HDF5/1.15.4/share/HDFPLExamples/example/testfiles/h5ex_d_zstd.err
CPack Verbose: Installing: /home/byrn/HDF_Projects/build/ci-StdShar-GNUC/_CPack_Packages/Linux/TGZ/h5pl-1.15.4-Linux/HDF_Group/HDF5/1.15.4/share/HDFPLExamples/example/testfiles/h5ex_d_zstd.h5
CPack Verbose: Installing: /home/byrn/HDF_Projects/build/ci-StdShar-GNUC/_CPack_Packages/Linux/TGZ/h5pl-1.15.4-Linux/HDF_Group/HDF5/1.15.4/share/HDFPLExamples/example/testfiles/h5repack_layout.h5
CPack Verbose: Installing: /home/byrn/HDF_Projects/build/ci-StdShar-GNUC/_CPack_Packages/Linux/TGZ/h5pl-1.15.4-Linux/HDF_Group/HDF5/1.15.4/share/HDFPLExamples/example/testfiles/ud_bz2_convert.h5repack_layout.h5.tst
CPack Verbose: Installing: /home/byrn/HDF_Projects/build/ci-StdShar-GNUC/_CPack_Packages/Linux/TGZ/h5pl-1.15.4-Linux/HDF_Group/HDF5/1.15.4/share/HDFPLExamples/example/testfiles/ud_convert.h5repack_layout.h5.tst
CPack Verbose: Installing: /home/byrn/HDF_Projects/build/ci-StdShar-GNUC/_CPack_Packages/Linux/TGZ/h5pl-1.15.4-Linux/HDF_Group/HDF5/1.15.4/share/HDFPLExamples/example/testfiles/ud_lz4_convert.h5repack_layout.h5.tst
CPack Verbose: Installing: /home/byrn/HDF_Projects/build/ci-StdShar-GNUC/_CPack_Packages/Linux/TGZ/h5pl-1.15.4-Linux/HDF_Group/HDF5/1.15.4/share/HDFPLExamples/example/testfiles/ud_mafisc_convert.h5repack_layout.h5.tst
CPack Verbose: Installing: /home/byrn/HDF_Projects/build/ci-StdShar-GNUC/_CPack_Packages/Linux/TGZ/h5pl-1.15.4-Linux/HDF_Group/HDF5/1.15.4/share/HDFPLExamples/example/testfiles/h5ex_d_blosc.err
CPack Verbose: Installing: /home/byrn/HDF_Projects/build/ci-StdShar-GNUC/_CPack_Packages/Linux/TGZ/h5pl-1.15.4-Linux/HDF_Group/HDF5/1.15.4/share/HDFPLExamples/example/testfiles/h5ex_d_bshuf.err
CPack Verbose: Installing: /home/byrn/HDF_Projects/build/ci-StdShar-GNUC/_CPack_Packages/Linux/TGZ/h5pl-1.15.4-Linux/HDF_Group/HDF5/1.15.4/share/HDFPLExamples/example/testfiles/h5ex_d_bzip2.err
CPack Verbose: Installing: /home/byrn/HDF_Projects/build/ci-StdShar-GNUC/_CPack_Packages/Linux/TGZ/h5pl-1.15.4-Linux/HDF_Group/HDF5/1.15.4/share/HDFPLExamples/example/testfiles/h5ex_d_jpeg.err
CPack Verbose: Installing: /home/byrn/HDF_Projects/build/ci-StdShar-GNUC/_CPack_Packages/Linux/TGZ/h5pl-1.15.4-Linux/HDF_Group/HDF5/1.15.4/share/HDFPLExamples/example/testfiles/h5ex_d_lz4.err
CPack Verbose: Installing: /home/byrn/HDF_Projects/build/ci-StdShar-GNUC/_CPack_Packages/Linux/TGZ/h5pl-1.15.4-Linux/HDF_Group/HDF5/1.15.4/share/HDFPLExamples/example/testfiles/h5ex_d_lzf.err
CPack Verbose: Installing: /home/byrn/HDF_Projects/build/ci-StdShar-GNUC/_CPack_Packages/Linux/TGZ/h5pl-1.15.4-Linux/HDF_Group/HDF5/1.15.4/share/HDFPLExamples/example/testfiles/h5ex_d_mafisc.err
CPack Verbose: Installing: /home/byrn/HDF_Projects/build/ci-StdShar-GNUC/_CPack_Packages/Linux/TGZ/h5pl-1.15.4-Linux/HDF_Group/HDF5/1.15.4/share/HDFPLExamples/example/testfiles/h5ex_d_sz.ddl
CPack Verbose: Installing: /home/byrn/HDF_Projects/build/ci-StdShar-GNUC/_CPack_Packages/Linux/TGZ/h5pl-1.15.4-Linux/HDF_Group/HDF5/1.15.4/share/HDFPLExamples/example/testfiles/h5ex_d_sz.tst
CPack Verbose: Installing: /home/byrn/HDF_Projects/build/ci-StdShar-GNUC/_CPack_Packages/Linux/TGZ/h5pl-1.15.4-Linux/HDF_Group/HDF5/1.15.4/share/HDFPLExamples/example/testfiles/ud_blosc_convert.h5repack_layout.h5.tst
CPack Verbose: Installing: /home/byrn/HDF_Projects/build/ci-StdShar-GNUC/_CPack_Packages/Linux/TGZ/h5pl-1.15.4-Linux/HDF_Group/HDF5/1.15.4/share/HDFPLExamples/example/testfiles/h5ex_d_mafisc.tst
CPack Verbose: Installing: /home/byrn/HDF_Projects/build/ci-StdShar-GNUC/_CPack_Packages/Linux/TGZ/h5pl-1.15.4-Linux/HDF_Group/HDF5/1.15.4/share/HDFPLExamples/example/testfiles/h5ex_d_blosc.ddl
CPack Verbose: Installing: /home/byrn/HDF_Projects/build/ci-StdShar-GNUC/_CPack_Packages/Linux/TGZ/h5pl-1.15.4-Linux/HDF_Group/HDF5/1.15.4/share/HDFPLExamples/example/testfiles/h5ex_d_blosc.tst
CPack Verbose: Installing: /home/byrn/HDF_Projects/build/ci-StdShar-GNUC/_CPack_Packages/Linux/TGZ/h5pl-1.15.4-Linux/HDF_Group/HDF5/1.15.4/share/HDFPLExamples/example/testfiles/h5ex_d_bzip2.ddl
CPack Verbose: Installing: /home/byrn/HDF_Projects/build/ci-StdShar-GNUC/_CPack_Packages/Linux/TGZ/h5pl-1.15.4-Linux/HDF_Group/HDF5/1.15.4/share/HDFPLExamples/example/testfiles/h5ex_d_bzip2.tst
CPack Verbose: Installing: /home/byrn/HDF_Projects/build/ci-StdShar-GNUC/_CPack_Packages/Linux/TGZ/h5pl-1.15.4-Linux/HDF_Group/HDF5/1.15.4/share/HDFPLExamples/example/testfiles/h5ex_d_jpeg.ddl
CPack Verbose: Installing: /home/byrn/HDF_Projects/build/ci-StdShar-GNUC/_CPack_Packages/Linux/TGZ/h5pl-1.15.4-Linux/HDF_Group/HDF5/1.15.4/share/HDFPLExamples/example/testfiles/h5ex_d_jpeg.tst
CPack Verbose: Installing: /home/byrn/HDF_Projects/build/ci-StdShar-GNUC/_CPack_Packages/Linux/TGZ/h5pl-1.15.4-Linux/HDF_Group/HDF5/1.15.4/share/HDFPLExamples/example/testfiles/h5ex_d_lz4.ddl
CPack Verbose: Installing: /home/byrn/HDF_Projects/build/ci-StdShar-GNUC/_CPack_Packages/Linux/TGZ/h5pl-1.15.4-Linux/HDF_Group/HDF5/1.15.4/share/HDFPLExamples/example/testfiles/h5ex_d_lz4.tst
CPack Verbose: Installing: /home/byrn/HDF_Projects/build/ci-StdShar-GNUC/_CPack_Packages/Linux/TGZ/h5pl-1.15.4-Linux/HDF_Group/HDF5/1.15.4/share/HDFPLExamples/example/testfiles/h5ex_d_lzf.ddl
CPack Verbose: Installing: /home/byrn/HDF_Projects/build/ci-StdShar-GNUC/_CPack_Packages/Linux/TGZ/h5pl-1.15.4-Linux/HDF_Group/HDF5/1.15.4/share/HDFPLExamples/example/testfiles/h5ex_d_lzf.tst
CPack Verbose: Installing: /home/byrn/HDF_Projects/build/ci-StdShar-GNUC/_CPack_Packages/Linux/TGZ/h5pl-1.15.4-Linux/HDF_Group/HDF5/1.15.4/share/HDFPLExamples/example/testfiles/h5ex_d_pl.ddl
CPack Verbose: Installing: /home/byrn/HDF_Projects/build/ci-StdShar-GNUC/_CPack_Packages/Linux/TGZ/h5pl-1.15.4-Linux/HDF_Group/HDF5/1.15.4/share/HDFPLExamples/example/testfiles/h5ex_d_pl.tst
CPack Verbose: Installing: /home/byrn/HDF_Projects/build/ci-StdShar-GNUC/_CPack_Packages/Linux/TGZ/h5pl-1.15.4-Linux/HDF_Group/HDF5/1.15.4/share/HDFPLExamples/example/testfiles/h5ex_d_zfp.ddl
CPack Verbose: Installing: /home/byrn/HDF_Projects/build/ci-StdShar-GNUC/_CPack_Packages/Linux/TGZ/h5pl-1.15.4-Linux/HDF_Group/HDF5/1.15.4/share/HDFPLExamples/example/testfiles/h5ex_d_zfp.tst
CPack Verbose: Installing: /home/byrn/HDF_Projects/build/ci-StdShar-GNUC/_CPack_Packages/Linux/TGZ/h5pl-1.15.4-Linux/HDF_Group/HDF5/1.15.4/share/HDFPLExamples/example/testfiles/h5ex_d_zstd.ddl
CPack Verbose: Installing: /home/byrn/HDF_Projects/build/ci-StdShar-GNUC/_CPack_Packages/Linux/TGZ/h5pl-1.15.4-Linux/HDF_Group/HDF5/1.15.4/share/HDFPLExamples/example/testfiles/h5ex_d_zstd.tst
CPack Verbose: Installing: /home/byrn/HDF_Projects/build/ci-StdShar-GNUC/_CPack_Packages/Linux/TGZ/h5pl-1.15.4-Linux/HDF_Group/HDF5/1.15.4/share/HDFPLExamples/example/testfiles/h5repack_layout.h5-ud_convert.ddl
CPack Verbose: Installing: /home/byrn/HDF_Projects/build/ci-StdShar-GNUC/_CPack_Packages/Linux/TGZ/h5pl-1.15.4-Linux/HDF_Group/HDF5/1.15.4/share/HDFPLExamples/example/testfiles/h5repack_layout.h5-ud_pl_blosc_convert.ddl
CPack Verbose: Installing: /home/byrn/HDF_Projects/build/ci-StdShar-GNUC/_CPack_Packages/Linux/TGZ/h5pl-1.15.4-Linux/HDF_Group/HDF5/1.15.4/share/HDFPLExamples/example/testfiles/h5repack_layout.h5-ud_pl_bz2_convert.ddl
CPack Verbose: Installing: /home/byrn/HDF_Projects/build/ci-StdShar-GNUC/_CPack_Packages/Linux/TGZ/h5pl-1.15.4-Linux/HDF_Group/HDF5/1.15.4/share/HDFPLExamples/example/testfiles/h5repack_layout.h5-ud_pl_convert.ddl
CPack Verbose: Installing: /home/byrn/HDF_Projects/build/ci-StdShar-GNUC/_CPack_Packages/Linux/TGZ/h5pl-1.15.4-Linux/HDF_Group/HDF5/1.15.4/share/HDFPLExamples/example/testfiles/h5repack_layout.h5-ud_pl_lz4_convert.ddl
CPack Verbose: Installing: /home/byrn/HDF_Projects/build/ci-StdShar-GNUC/_CPack_Packages/Linux/TGZ/h5pl-1.15.4-Linux/HDF_Group/HDF5/1.15.4/share/HDFPLExamples/example/CMakeLists.txt
CPack Verbose: Installing: /home/byrn/HDF_Projects/build/ci-StdShar-GNUC/_CPack_Packages/Linux/TGZ/h5pl-1.15.4-Linux/HDF_Group/HDF5/1.15.4/share/HDFPLExamples/example/h5ex_d_blosc.c
CPack Verbose: Installing: /home/byrn/HDF_Projects/build/ci-StdShar-GNUC/_CPack_Packages/Linux/TGZ/h5pl-1.15.4-Linux/HDF_Group/HDF5/1.15.4/share/HDFPLExamples/example/h5ex_d_bshuf.c
CPack Verbose: Installing: /home/byrn/HDF_Projects/build/ci-StdShar-GNUC/_CPack_Packages/Linux/TGZ/h5pl-1.15.4-Linux/HDF_Group/HDF5/1.15.4/share/HDFPLExamples/example/h5ex_d_bzip2.c
CPack Verbose: Installing: /home/byrn/HDF_Projects/build/ci-StdShar-GNUC/_CPack_Packages/Linux/TGZ/h5pl-1.15.4-Linux/HDF_Group/HDF5/1.15.4/share/HDFPLExamples/example/h5ex_d_jpeg.c
CPack Verbose: Installing: /home/byrn/HDF_Projects/build/ci-StdShar-GNUC/_CPack_Packages/Linux/TGZ/h5pl-1.15.4-Linux/HDF_Group/HDF5/1.15.4/share/HDFPLExamples/example/h5ex_d_lz4.c
CPack Verbose: Installing: /home/byrn/HDF_Projects/build/ci-StdShar-GNUC/_CPack_Packages/Linux/TGZ/h5pl-1.15.4-Linux/HDF_Group/HDF5/1.15.4/share/HDFPLExamples/example/h5ex_d_lzf.c
CPack Verbose: Installing: /home/byrn/HDF_Projects/build/ci-StdShar-GNUC/_CPack_Packages/Linux/TGZ/h5pl-1.15.4-Linux/HDF_Group/HDF5/1.15.4/share/HDFPLExamples/example/h5ex_d_mafisc.c
CPack Verbose: Installing: /home/byrn/HDF_Projects/build/ci-StdShar-GNUC/_CPack_Packages/Linux/TGZ/h5pl-1.15.4-Linux/HDF_Group/HDF5/1.15.4/share/HDFPLExamples/example/h5ex_d_pl.c
CPack Verbose: Installing: /home/byrn/HDF_Projects/build/ci-StdShar-GNUC/_CPack_Packages/Linux/TGZ/h5pl-1.15.4-Linux/HDF_Group/HDF5/1.15.4/share/HDFPLExamples/example/h5ex_d_sz.c
CPack Verbose: Installing: /home/byrn/HDF_Projects/build/ci-StdShar-GNUC/_CPack_Packages/Linux/TGZ/h5pl-1.15.4-Linux/HDF_Group/HDF5/1.15.4/share/HDFPLExamples/example/h5ex_d_zfp.c
CPack Verbose: Installing: /home/byrn/HDF_Projects/build/ci-StdShar-GNUC/_CPack_Packages/Linux/TGZ/h5pl-1.15.4-Linux/HDF_Group/HDF5/1.15.4/share/HDFPLExamples/example/h5ex_d_zstd.c
CPack Verbose: Installing: /home/byrn/HDF_Projects/build/ci-StdShar-GNUC/_CPack_Packages/Linux/TGZ/h5pl-1.15.4-Linux/HDF_Group/HDF5/1.15.4/share/HDFPLExamples/example/h5ex_d_blosc2.c
CPack Verbose: Installing: /home/byrn/HDF_Projects/build/ci-StdShar-GNUC/_CPack_Packages/Linux/TGZ/h5pl-1.15.4-Linux/HDF_Group/HDF5/1.15.4/share/HDFPLExamples/CMakeLists.txt
CPack Verbose: Installing: /home/byrn/HDF_Projects/build/ci-StdShar-GNUC/_CPack_Packages/Linux/TGZ/h5pl-1.15.4-Linux/HDF_Group/HDF5/1.15.4/share/HDFPLExamples/CTestConfig.cmake
CPack Verbose: Installing: /home/byrn/HDF_Projects/build/ci-StdShar-GNUC/_CPack_Packages/Linux/TGZ/h5pl-1.15.4-Linux/HDF_Group/HDF5/1.15.4/share/HDFPLExamples/Using_CMake.txt
CPack Verbose: Installing: /home/byrn/HDF_Projects/build/ci-StdShar-GNUC/_CPack_Packages/Linux/TGZ/h5pl-1.15.4-Linux/HDF_Group/HDF5/1.15.4/share/PluginLibraries.txt
CPack Verbose: Installing: /home/byrn/HDF_Projects/build/ci-StdShar-GNUC/_CPack_Packages/Linux/TGZ/h5pl-1.15.4-Linux/HDF_Group/HDF5/1.15.4/lib/plugin/libh5bshuf.so
CPack Verbose: Set non-toolchain portion of runtime path of "/home/byrn/HDF_Projects/build/ci-StdShar-GNUC/_CPack_Packages/Linux/TGZ/h5pl-1.15.4-Linux/HDF_Group/HDF5/1.15.4/lib/plugin/libh5bshuf.so" to ""
CPack Verbose: Installing: /home/byrn/HDF_Projects/build/ci-StdShar-GNUC/_CPack_Packages/Linux/TGZ/h5pl-1.15.4-Linux/HDF_Group/HDF5/1.15.4/lib/plugin/libh5blosc.so
CPack Verbose: Set non-toolchain portion of runtime path of "/home/byrn/HDF_Projects/build/ci-StdShar-GNUC/_CPack_Packages/Linux/TGZ/h5pl-1.15.4-Linux/HDF_Group/HDF5/1.15.4/lib/plugin/libh5blosc.so" to ""
CPack Verbose: Installing: /home/byrn/HDF_Projects/build/ci-StdShar-GNUC/_CPack_Packages/Linux/TGZ/h5pl-1.15.4-Linux/HDF_Group/HDF5/1.15.4/lib/plugin/libh5blosc2.so
CPack Verbose: Set non-toolchain portion of runtime path of "/home/byrn/HDF_Projects/build/ci-StdShar-GNUC/_CPack_Packages/Linux/TGZ/h5pl-1.15.4-Linux/HDF_Group/HDF5/1.15.4/lib/plugin/libh5blosc2.so" to ""
CPack Verbose: Installing: /home/byrn/HDF_Projects/build/ci-StdShar-GNUC/_CPack_Packages/Linux/TGZ/h5pl-1.15.4-Linux/HDF_Group/HDF5/1.15.4/lib/plugin/libh5bz2.so
CPack Verbose: Set non-toolchain portion of runtime path of "/home/byrn/HDF_Projects/build/ci-StdShar-GNUC/_CPack_Packages/Linux/TGZ/h5pl-1.15.4-Linux/HDF_Group/HDF5/1.15.4/lib/plugin/libh5bz2.so" to ""
CPack Verbose: Installing: /home/byrn/HDF_Projects/build/ci-StdShar-GNUC/_CPack_Packages/Linux/TGZ/h5pl-1.15.4-Linux/HDF_Group/HDF5/1.15.4/lib/plugin/libh5jpeg.so
CPack Verbose: Set non-toolchain portion of runtime path of "/home/byrn/HDF_Projects/build/ci-StdShar-GNUC/_CPack_Packages/Linux/TGZ/h5pl-1.15.4-Linux/HDF_Group/HDF5/1.15.4/lib/plugin/libh5jpeg.so" to ""
CPack Verbose: Installing: /home/byrn/HDF_Projects/build/ci-StdShar-GNUC/_CPack_Packages/Linux/TGZ/h5pl-1.15.4-Linux/HDF_Group/HDF5/1.15.4/lib/plugin/libh5lz4.so
CPack Verbose: Set non-toolchain portion of runtime path of "/home/byrn/HDF_Projects/build/ci-StdShar-GNUC/_CPack_Packages/Linux/TGZ/h5pl-1.15.4-Linux/HDF_Group/HDF5/1.15.4/lib/plugin/libh5lz4.so" to ""
CPack Verbose: Installing: /home/byrn/HDF_Projects/build/ci-StdShar-GNUC/_CPack_Packages/Linux/TGZ/h5pl-1.15.4-Linux/HDF_Group/HDF5/1.15.4/lib/plugin/libh5lzf.so
CPack Verbose: Set non-toolchain portion of runtime path of "/home/byrn/HDF_Projects/build/ci-StdShar-GNUC/_CPack_Packages/Linux/TGZ/h5pl-1.15.4-Linux/HDF_Group/HDF5/1.15.4/lib/plugin/libh5lzf.so" to ""
CPack Verbose: Installing: /home/byrn/HDF_Projects/build/ci-StdShar-GNUC/_CPack_Packages/Linux/TGZ/h5pl-1.15.4-Linux/HDF_Group/HDF5/1.15.4/lib/plugin/libh5zfp.so
CPack Verbose: Set non-toolchain portion of runtime path of "/home/byrn/HDF_Projects/build/ci-StdShar-GNUC/_CPack_Packages/Linux/TGZ/h5pl-1.15.4-Linux/HDF_Group/HDF5/1.15.4/lib/plugin/libh5zfp.so" to ""
CPack Verbose: Installing: /home/byrn/HDF_Projects/build/ci-StdShar-GNUC/_CPack_Packages/Linux/TGZ/h5pl-1.15.4-Linux/HDF_Group/HDF5/1.15.4/lib/plugin/libh5zstd.so
CPack Verbose: Set non-toolchain portion of runtime path of "/home/byrn/HDF_Projects/build/ci-StdShar-GNUC/_CPack_Packages/Linux/TGZ/h5pl-1.15.4-Linux/HDF_Group/HDF5/1.15.4/lib/plugin/libh5zstd.so" to ""
CPack: Create package
CPack Verbose: Package files to: /home/byrn/HDF_Projects/build/ci-StdShar-GNUC/_CPack_Packages/Linux/TGZ/h5pl-1.15.4-Linux.tar.gz
CPack Verbose: Copying final package(s) [1]:
CPack: - package: /home/byrn/HDF_Projects/build/ci-StdShar-GNUC/h5pl-1.15.4-Linux.tar.gz generated.
